#
# A fatal error has been detected by the Java Runtime Environment:
#
#  SIGSEGV (0xb) at pc=0xaa564f54, pid=2411, tid=0xab65c460
#
# JRE version: Java(TM) SE Runtime Environment (8.0_111-b14) (build 1.8.0_111-b14)
# Java VM: Java HotSpot(TM) Client VM (25.111-b14 mixed mode linux-arm )
# Problematic frame:
# C  [bulldog-linux-native255803200351060776.so+0x4f54]  BBBIO_sys_Enable_GPIO+0x58
#
# Failed to write core dump. Core dumps have been disabled. To enable core dumping, try "ulimit -c unlimited" before starting Java again
#
# If you would like to submit a bug report, please visit:
#   http://bugreport.java.com/bugreport/crash.jsp
# The crash happened outside the Java Virtual Machine in native code.
# See problematic frame for where to report the bug.
#

---------------  T H R E A D  ---------------

Current thread (0x008368c0):  JavaThread "pool-2-thread-1" [_thread_in_native, id=2441, stack(0xab60d000,0xab65d000)]

siginfo: si_signo: 11 (SIGSEGV), si_code: 1 (SEGV_MAPERR), si_addr: 0x00000008

Registers:
  r0  = 0x00000001
  r1  = 0xaa578090
  r2  = 0x00000000
  r3  = 0xaa578238
  r4  = 0xb41a1c40
  r5  = 0xaa566a94
  r6  = 0x00000000
  r7  = 0x00000000
  r8  = 0xab65b084
  r9  = 0xaa4890f8
  r10 = 0x008368c0
  fp  = 0xab65b07c
  r12 = 0xaa564efc
  sp  = 0xab65b000
  lr  = 0xaa566aa0
  pc  = 0xaa564f54
  cpsr = 0x800f0010

Top of Stack: (sp=0xab65b000)
0xab65b000:   b41a1c40 b41716f8 008368c0 ab65b038
0xab65b010:   aad50a6c 008368c0 ab65b038 ab65b030
0xab65b020:   ab65b054 b66a5d2c 008368c0 008368c0
0xab65b030:   aa4890f8 008368c0 aa4890f8 008368c0
0xab65b040:   aa4890f8 00000000 00000000 00000000
0xab65b050:   ab65b07c b4171610 b41691c0 ab65b05c
0xab65b060:   00000000 ab65b084 aa489760 00000000
0xab65b070:   aa4890f8 00000000 ab65b088 ab65b0a8 

Instructions: (pc=0xaa564f54)
0xaa564f34:   e3500003 0a00000f e3500001 0a000012
0xaa564f44:   e59f3070 e3a00001 e7913003 e5932000
0xaa564f54:   e5923008 e3833002 e5823008 e12fff1e
0xaa564f64:   e59f0054 e92d4010 e08f0000 ebfff6ad 

Register to memory mapping:

  r0  = 0x00000001
0x00000001 is an unknown value

  r1  = 0xaa578090
0xaa578090: <offset 0x18090> in /tmp/bulldog-linux-native255803200351060776.so at 0xaa560000

  r2  = 0x00000000
0x00000000 is an unknown value

  r3  = 0xaa578238
0xaa578238: __bss_start__+0 in /tmp/bulldog-linux-native255803200351060776.so at 0xaa560000

  r4  = 0xb41a1c40
0xb41a1c40 is at code_begin+0 in 
[CodeBlob (0xb41a1c08)]
Framesize: 0
BufferBlob (0xb41a1c08) used for native signature handlers

  r5  = 0xaa566a94
0xaa566a94: Java_io_silverspoon_bulldog_beagleboneblack_jni_NativeGpio_enableGpio+0 in /tmp/bulldog-linux-native255803200351060776.so at 0xaa560000

  r6  = 0x00000000
0x00000000 is an unknown value

  r7  = 0x00000000
0x00000000 is an unknown value

  r8  = 0xab65b084
0xab65b084 is pointing into the stack for thread: 0x008368c0

  r9  = 0xaa4890f8
{method} {0xaa4890f8} 'enableGpio' '()V' in 'io/silverspoon/bulldog/beagleboneblack/jni/NativeGpio'

  r10 = 0x008368c0
0x008368c0 is a thread

  fp  = 0xab65b07c
0xab65b07c is pointing into the stack for thread: 0x008368c0

  r12 = 0xaa564efc
0xaa564efc: BBBIO_sys_Enable_GPIO+0 in /tmp/bulldog-linux-native255803200351060776.so at 0xaa560000

  sp  = 0xab65b000
0xab65b000 is pointing into the stack for thread: 0x008368c0

  lr  = 0xaa566aa0
0xaa566aa0: Java_io_silverspoon_bulldog_beagleboneblack_jni_NativeGpio_enableGpio+0xc in /tmp/bulldog-linux-native255803200351060776.so at 0xaa560000

  pc  = 0xaa564f54
0xaa564f54: BBBIO_sys_Enable_GPIO+0x58 in /tmp/bulldog-linux-native255803200351060776.so at 0xaa560000



Stack: [0xab60d000,0xab65d000],  sp=0xab65b000,  free space=312k
Native frames: (J=compiled Java code, j=interpreted, Vv=VM code, C=native code)
C  [bulldog-linux-native255803200351060776.so+0x4f54]  BBBIO_sys_Enable_GPIO+0x58

Java frames: (J=compiled Java code, j=interpreted, Vv=VM code)
j  io.silverspoon.bulldog.beagleboneblack.jni.NativeGpio.enableGpio()V+0
j  io.silverspoon.bulldog.beagleboneblack.jni.NativeGpio.initialize()V+11
j  io.silverspoon.bulldog.beagleboneblack.jni.NativeGpio.<clinit>()V+4
v  ~StubRoutines::call_stub
j  io.silverspoon.bulldog.beagleboneblack.jni.NativeAdc.<clinit>()V+4
v  ~StubRoutines::call_stub
j  io.silverspoon.bulldog.beagleboneblack.pwm.BBBAnalogInput.setupImpl()V+28
j  io.silverspoon.bulldog.core.pin.AbstractPinFeature.setup()V+1
j  io.silverspoon.bulldog.core.pin.Pin.activateFeature(Lio/silverspoon/bulldog/core/pin/PinFeature;)V+57
j  io.silverspoon.bulldog.core.pin.Pin.as(Ljava/lang/Class;)Lio/silverspoon/bulldog/core/pin/PinFeature;+13
j  edu.slu.iot.realdaq.AdcReader.read()D+14
j  edu.slu.iot.realdaq.DaqPublisher.lambda$run$0()V+19
j  edu.slu.iot.realdaq.DaqPublisher$$Lambda$2.run()V+4
j  java.util.concurrent.Executors$RunnableAdapter.call()Ljava/lang/Object;+4
j  java.util.concurrent.FutureTask.runAndReset()Z+47
j  java.util.concurrent.ScheduledThreadPoolExecutor$ScheduledFutureTask.access$301(Ljava/util/concurrent/ScheduledThreadPoolExecutor$ScheduledFutureTask;)Z+1
j  java.util.concurrent.ScheduledThreadPoolExecutor$ScheduledFutureTask.run()V+37
j  java.util.concurrent.ThreadPoolExecutor.runWorker(Ljava/util/concurrent/ThreadPoolExecutor$Worker;)V+95
j  java.util.concurrent.ThreadPoolExecutor$Worker.run()V+5
j  java.lang.Thread.run()V+11
v  ~StubRoutines::call_stub

---------------  P R O C E S S  ---------------

Java Threads: ( => current thread )
=>0x008368c0 JavaThread "pool-2-thread-1" [_thread_in_native, id=2441, stack(0xab60d000,0xab65d000)]
  0x00834518 JavaThread "Thread-2" [_thread_blocked, id=2440, stack(0xaa579000,0xaa5c9000)]
  0xabcc5e70 JavaThread "pool-1-thread-1" [_thread_blocked, id=2439, stack(0xaa5e5000,0xaa635000)]
  0xaad50178 JavaThread "Timer-0" [_thread_blocked, id=2438, stack(0xaa987000,0xaa9d7000)]
  0xabcc43e8 JavaThread "MQTT Call: test" [_thread_blocked, id=2437, stack(0xaa635000,0xaa685000)]
  0xabcc3730 JavaThread "MQTT Snd: test" [_thread_blocked, id=2436, stack(0xaa685000,0xaa6d5000)]
  0xabcc1848 JavaThread "MQTT Rec: test" [_thread_in_native, id=2435, stack(0xaa6d5000,0xaa725000)]
  0xb6282120 JavaThread "Service Thread" daemon [_thread_blocked, id=2428, stack(0xab8b7000,0xab907000)]
  0xb627f098 JavaThread "C1 CompilerThread0" daemon [_thread_blocked, id=2427, stack(0xab907000,0xab987000)]
  0xb627dbc0 JavaThread "Signal Dispatcher" daemon [_thread_blocked, id=2426, stack(0xab987000,0xab9d7000)]
  0xb6263de0 JavaThread "Finalizer" daemon [_thread_blocked, id=2425, stack(0xabb60000,0xabbb0000)]
  0xb6261450 JavaThread "Reference Handler" daemon [_thread_blocked, id=2424, stack(0xabbb0000,0xabc00000)]
  0xb6205900 JavaThread "main" [_thread_blocked, id=2422, stack(0xb6343000,0xb6393000)]

Other Threads:
  0xb625cfe0 VMThread [stack: 0xabd0d000,0xabd8d000] [id=2423]
  0xb6283c60 WatcherThread [stack: 0xab837000,0xab8b7000] [id=2429]

VM state:not at safepoint (normal execution)

VM Mutex/Monitor currently owned by a thread: None

Heap:
 def new generation   total 5632K, used 4495K [0xac400000, 0xaca00000, 0xaed40000)
  eden space 5120K,  77% used [0xac400000, 0xac7e3e60, 0xac900000)
  from space 512K, 100% used [0xac900000, 0xac980000, 0xac980000)
  to   space 512K,   0% used [0xac980000, 0xac980000, 0xaca00000)
 tenured generation   total 12212K, used 11113K [0xaed40000, 0xaf92d000, 0xb4000000)
   the space 12212K,  91% used [0xaed40000, 0xaf81a4b8, 0xaf81a600, 0xaf92d000)
 Metaspace       used 12463K, capacity 12726K, committed 12824K, reserved 13616K

Card table byte_map: [0xb40a5000,0xb40e4000] byte_map_base: 0xb3b43000

Polling page: 0xb6f87000

CodeCache: size=32768Kb used=2613Kb max_used=2613Kb free=30154Kb
 bounds [0xb4164000, 0xb43f4000, 0xb6164000]
 total_blobs=1579 nmethods=1409 adapters=101
 compilation: enabled

Compilation events (10 events):
Event: 31.811 Thread 0xb627f098 1434             java.lang.ref.WeakReference::<init> (6 bytes)
Event: 31.814 Thread 0xb627f098 nmethod 1434 0xb43efcc8 code [0xb43efdb0, 0xb43efe68]
Event: 31.925 Thread 0xb627f098 1435             java.security.CodeSource::equals (60 bytes)
Event: 31.932 Thread 0xb627f098 nmethod 1435 0xb43efec8 code [0xb43effe0, 0xb43f0200]
Event: 31.953 Thread 0xb627f098 1436             java.io.UnixFileSystem::resolve (103 bytes)
Event: 31.970 Thread 0xb627f098 nmethod 1436 0xb43f0388 code [0xb43f0560, 0xb43f0d2c]
Event: 31.970 Thread 0xb627f098 1437             java.io.UnixFileSystem::prefixLength (25 bytes)
Event: 31.977 Thread 0xb627f098 nmethod 1437 0xb43f1448 code [0xb43f1540, 0xb43f16a4]
Event: 31.993 Thread 0xb627f098 1438             java.io.File::getName (42 bytes)
Event: 31.995 Thread 0xb627f098 nmethod 1438 0xb43f17c8 code [0xb43f18d0, 0xb43f19fc]

GC Heap History (10 events):
Event: 25.606 GC heap before
{Heap before GC invocations=54 (full 2):
 def new generation   total 3712K, used 3712K [0xac400000, 0xac800000, 0xaed40000)
  eden space 3328K, 100% used [0xac400000, 0xac740000, 0xac740000)
  from space 384K, 100% used [0xac740000, 0xac7a0000, 0xac7a0000)
  to   space 384K,   0% used [0xac7a0000, 0xac7a0000, 0xac800000)
 tenured generation   total 8172K, used 7694K [0xaed40000, 0xaf53b000, 0xb4000000)
   the space 8172K,  94% used [0xaed40000, 0xaf4c3950, 0xaf4c3a00, 0xaf53b000)
 Metaspace       used 9850K, capacity 9988K, committed 10136K, reserved 10544K
Event: 25.915 GC heap after
Heap after GC invocations=55 (full 3):
 def new generation   total 5632K, used 0K [0xac400000, 0xaca00000, 0xaed40000)
  eden space 5120K,   0% used [0xac400000, 0xac400000, 0xac900000)
  from space 512K,   0% used [0xac900000, 0xac900000, 0xac980000)
  to   space 512K,   0% used [0xac980000, 0xac980000, 0xaca00000)
 tenured generation   total 12212K, used 7326K [0xaed40000, 0xaf92d000, 0xb4000000)
   the space 12212K,  59% used [0xaed40000, 0xaf4679d8, 0xaf467a00, 0xaf92d000)
 Metaspace       used 9850K, capacity 9988K, committed 10136K, reserved 10544K
}
Event: 26.538 GC heap before
{Heap before GC invocations=55 (full 3):
 def new generation   total 5632K, used 5120K [0xac400000, 0xaca00000, 0xaed40000)
  eden space 5120K, 100% used [0xac400000, 0xac900000, 0xac900000)
  from space 512K,   0% used [0xac900000, 0xac900000, 0xac980000)
  to   space 512K,   0% used [0xac980000, 0xac980000, 0xaca00000)
 tenured generation   total 12212K, used 7326K [0xaed40000, 0xaf92d000, 0xb4000000)
   the space 12212K,  59% used [0xaed40000, 0xaf4679d8, 0xaf467a00, 0xaf92d000)
 Metaspace       used 9890K, capacity 10008K, committed 10136K, reserved 10544K
Event: 26.567 GC heap after
Heap after GC invocations=56 (full 3):
 def new generation   total 5632K, used 512K [0xac400000, 0xaca00000, 0xaed40000)
  eden space 5120K,   0% used [0xac400000, 0xac400000, 0xac900000)
  from space 512K, 100% used [0xac980000, 0xaca00000, 0xaca00000)
  to   space 512K,   0% used [0xac900000, 0xac900000, 0xac980000)
 tenured generation   total 12212K, used 7951K [0xaed40000, 0xaf92d000, 0xb4000000)
   the space 12212K,  65% used [0xaed40000, 0xaf503f38, 0xaf504000, 0xaf92d000)
 Metaspace       used 9890K, capacity 10008K, committed 10136K, reserved 10544K
}
Event: 27.450 GC heap before
{Heap before GC invocations=56 (full 3):
 def new generation   total 5632K, used 5632K [0xac400000, 0xaca00000, 0xaed40000)
  eden space 5120K, 100% used [0xac400000, 0xac900000, 0xac900000)
  from space 512K, 100% used [0xac980000, 0xaca00000, 0xaca00000)
  to   space 512K,   0% used [0xac900000, 0xac900000, 0xac980000)
 tenured generation   total 12212K, used 7951K [0xaed40000, 0xaf92d000, 0xb4000000)
   the space 12212K,  65% used [0xaed40000, 0xaf503f38, 0xaf504000, 0xaf92d000)
 Metaspace       used 10442K, capacity 10584K, committed 10648K, reserved 11568K
Event: 27.491 GC heap after
Heap after GC invocations=57 (full 3):
 def new generation   total 5632K, used 512K [0xac400000, 0xaca00000, 0xaed40000)
  eden space 5120K,   0% used [0xac400000, 0xac400000, 0xac900000)
  from space 512K, 100% used [0xac900000, 0xac980000, 0xac980000)
  to   space 512K,   0% used [0xac980000, 0xac980000, 0xaca00000)
 tenured generation   total 12212K, used 9090K [0xaed40000, 0xaf92d000, 0xb4000000)
   the space 12212K,  74% used [0xaed40000, 0xaf620bb0, 0xaf620c00, 0xaf92d000)
 Metaspace       used 10442K, capacity 10584K, committed 10648K, reserved 11568K
}
Event: 28.774 GC heap before
{Heap before GC invocations=57 (full 3):
 def new generation   total 5632K, used 5629K [0xac400000, 0xaca00000, 0xaed40000)
  eden space 5120K,  99% used [0xac400000, 0xac8ff580, 0xac900000)
  from space 512K, 100% used [0xac900000, 0xac980000, 0xac980000)
  to   space 512K,   0% used [0xac980000, 0xac980000, 0xaca00000)
 tenured generation   total 12212K, used 9090K [0xaed40000, 0xaf92d000, 0xb4000000)
   the space 12212K,  74% used [0xaed40000, 0xaf620bb0, 0xaf620c00, 0xaf92d000)
 Metaspace       used 11298K, capacity 11564K, committed 11672K, reserved 12592K
Event: 28.812 GC heap after
Heap after GC invocations=58 (full 3):
 def new generation   total 5632K, used 512K [0xac400000, 0xaca00000, 0xaed40000)
  eden space 5120K,   0% used [0xac400000, 0xac400000, 0xac900000)
  from space 512K, 100% used [0xac980000, 0xaca00000, 0xaca00000)
  to   space 512K,   0% used [0xac900000, 0xac900000, 0xac980000)
 tenured generation   total 12212K, used 10200K [0xaed40000, 0xaf92d000, 0xb4000000)
   the space 12212K,  83% used [0xaed40000, 0xaf7362b8, 0xaf736400, 0xaf92d000)
 Metaspace       used 11298K, capacity 11564K, committed 11672K, reserved 12592K
}
Event: 31.174 GC heap before
{Heap before GC invocations=58 (full 3):
 def new generation   total 5632K, used 5632K [0xac400000, 0xaca00000, 0xaed40000)
  eden space 5120K, 100% used [0xac400000, 0xac900000, 0xac900000)
  from space 512K, 100% used [0xac980000, 0xaca00000, 0xaca00000)
  to   space 512K,   0% used [0xac900000, 0xac900000, 0xac980000)
 tenured generation   total 12212K, used 10200K [0xaed40000, 0xaf92d000, 0xb4000000)
   the space 12212K,  83% used [0xaed40000, 0xaf7362b8, 0xaf736400, 0xaf92d000)
 Metaspace       used 12049K, capacity 12305K, committed 12312K, reserved 12592K
Event: 31.210 GC heap after
Heap after GC invocations=59 (full 3):
 def new generation   total 5632K, used 512K [0xac400000, 0xaca00000, 0xaed40000)
  eden space 5120K,   0% used [0xac400000, 0xac400000, 0xac900000)
  from space 512K, 100% used [0xac900000, 0xac980000, 0xac980000)
  to   space 512K,   0% used [0xac980000, 0xac980000, 0xaca00000)
 tenured generation   total 12212K, used 11113K [0xaed40000, 0xaf92d000, 0xb4000000)
   the space 12212K,  91% used [0xaed40000, 0xaf81a4b8, 0xaf81a600, 0xaf92d000)
 Metaspace       used 12049K, capacity 12305K, committed 12312K, reserved 12592K
}

Deoptimization events (0 events):
No events

Internal exceptions (10 events):
Event: 23.937 Thread 0xb6205900 Exception <a 'java/lang/ArrayIndexOutOfBoundsException'> (0xac4788e8) thrown at [/HUDSON/workspace/8-2-build-glinux-arm-vfp-hflt/jdk8u111/7883/hotspot/src/share/vm/runtime/sharedRuntime.cpp, line 605]
Event: 23.938 Thread 0xb6205900 Exception <a 'java/lang/ArrayIndexOutOfBoundsException'> (0xac479d68) thrown at [/HUDSON/workspace/8-2-build-glinux-arm-vfp-hflt/jdk8u111/7883/hotspot/src/share/vm/runtime/sharedRuntime.cpp, line 605]
Event: 23.954 Thread 0xb6205900 Exception <a 'java/lang/NoClassDefFoundError': org/slf4j/Logger> (0xac489250) thrown at [/HUDSON/workspace/8-2-build-glinux-arm-vfp-hflt/jdk8u111/7883/hotspot/src/share/vm/oops/constantPool.cpp, line 235]
Event: 26.635 Thread 0xaad50728 Exception <a 'java/lang/reflect/InvocationTargetException'> (0xac48afb8) thrown at [/HUDSON/workspace/8-2-build-glinux-arm-vfp-hflt/jdk8u111/7883/hotspot/src/share/vm/runtime/reflection.cpp, line 1092]
Event: 28.395 Thread 0x00905680 Exception <a 'java/lang/NoSuchFieldError': method resolution failed> (0xac5ef588) thrown at [/HUDSON/workspace/8-2-build-glinux-arm-vfp-hflt/jdk8u111/7883/hotspot/src/share/vm/prims/methodHandles.cpp, line 1146]
Event: 28.409 Thread 0x00905680 Exception <a 'java/lang/NoSuchFieldError': method resolution failed> (0xac5fba90) thrown at [/HUDSON/workspace/8-2-build-glinux-arm-vfp-hflt/jdk8u111/7883/hotspot/src/share/vm/prims/methodHandles.cpp, line 1146]
Event: 31.028 Thread 0xaad50728 Exception <a 'java/lang/ArrayIndexOutOfBoundsException'> (0xac837db8) thrown at [/HUDSON/workspace/8-2-build-glinux-arm-vfp-hflt/jdk8u111/7883/hotspot/src/share/vm/runtime/sharedRuntime.cpp, line 605]
Event: 31.028 Thread 0xaad50728 Exception <a 'java/lang/ArrayIndexOutOfBoundsException'> (0xac838890) thrown at [/HUDSON/workspace/8-2-build-glinux-arm-vfp-hflt/jdk8u111/7883/hotspot/src/share/vm/runtime/sharedRuntime.cpp, line 605]
Event: 31.506 Thread 0x008368c0 Exception <a 'java/lang/NoClassDefFoundError': org/slf4j/impl/StaticLoggerBinder> (0xac5877c8) thrown at [/HUDSON/workspace/8-2-build-glinux-arm-vfp-hflt/jdk8u111/7883/hotspot/src/share/vm/classfile/systemDictionary.cpp, line 199]
Event: 31.794 Thread 0xabcc1848 Exception <a 'java/net/SocketTimeoutException': Read timed out> (0xac67b360) thrown at [/HUDSON/workspace/8-2-build-glinux-arm-vfp-hflt/jdk8u111/7883/hotspot/src/share/vm/prims/jni.cpp, line 735]

Events (10 events):
Event: 32.020 loading class java/nio/IntBuffer done
Event: 32.021 loading class java/nio/DirectIntBufferU done
Event: 32.022 loading class io/silverspoon/bulldog/beagleboneblack/jni/NativeAdc
Event: 32.022 loading class io/silverspoon/bulldog/beagleboneblack/jni/NativeAdc done
Event: 32.025 loading class io/silverspoon/bulldog/beagleboneblack/jni/NativeAdc$1
Event: 32.025 loading class io/silverspoon/bulldog/beagleboneblack/jni/NativeAdc$1 done
Event: 32.028 loading class io/silverspoon/bulldog/beagleboneblack/jni/NativeGpio
Event: 32.028 loading class io/silverspoon/bulldog/beagleboneblack/jni/NativeGpio done
Event: 32.030 loading class io/silverspoon/bulldog/beagleboneblack/jni/NativeGpio$1
Event: 32.031 loading class io/silverspoon/bulldog/beagleboneblack/jni/NativeGpio$1 done


Dynamic libraries:
00008000-00009000 r-xp 00000000 b3:01 53112      /usr/lib/jvm/java-8-oracle/bin/java
00010000-00011000 rw-p 00000000 b3:01 53112      /usr/lib/jvm/java-8-oracle/bin/java
00771000-00a4f000 rw-p 00000000 00:00 0          [heap]
aa45f000-aa4a0000 rw-p 00000000 00:00 0 
aa4a0000-aa560000 ---p 00000000 00:00 0 
aa560000-aa568000 r-xp 00000000 b3:01 59377      /tmp/bulldog-linux-native255803200351060776.so
aa568000-aa578000 ---p 00008000 b3:01 59377      /tmp/bulldog-linux-native255803200351060776.so
aa578000-aa579000 rw-p 00008000 b3:01 59377      /tmp/bulldog-linux-native255803200351060776.so
aa579000-aa57c000 ---p 00000000 00:00 0 
aa57c000-aa5c9000 rw-p 00000000 00:00 0 
aa5c9000-aa5e5000 r--s 00393000 b3:01 167823     /usr/lib/jvm/java-8-oracle/jre/lib/ext/cldrdata.jar
aa5e5000-aa5e8000 ---p 00000000 00:00 0 
aa5e8000-aa635000 rw-p 00000000 00:00 0 
aa635000-aa638000 ---p 00000000 00:00 0 
aa638000-aa685000 rw-p 00000000 00:00 0 
aa685000-aa688000 ---p 00000000 00:00 0 
aa688000-aa6d5000 rw-p 00000000 00:00 0 
aa6d5000-aa6d8000 ---p 00000000 00:00 0 
aa6d8000-aa725000 rw-p 00000000 00:00 0 
aa725000-aa738000 r--s 00345000 b3:01 53232      /usr/lib/jvm/java-8-oracle/jre/lib/resources.jar
aa738000-aa838000 rw-p 00000000 00:00 0 
aa838000-aa938000 rw-p 00000000 00:00 0 
aa938000-aa945000 r-xp 00000000 b3:01 49338      /lib/arm-linux-gnueabihf/libresolv-2.19.so
aa945000-aa954000 ---p 0000d000 b3:01 49338      /lib/arm-linux-gnueabihf/libresolv-2.19.so
aa954000-aa955000 r--p 0000c000 b3:01 49338      /lib/arm-linux-gnueabihf/libresolv-2.19.so
aa955000-aa956000 rw-p 0000d000 b3:01 49338      /lib/arm-linux-gnueabihf/libresolv-2.19.so
aa956000-aa958000 rw-p 00000000 00:00 0 
aa958000-aa95b000 r-xp 00000000 b3:01 49332      /lib/arm-linux-gnueabihf/libnss_dns-2.19.so
aa95b000-aa96a000 ---p 00003000 b3:01 49332      /lib/arm-linux-gnueabihf/libnss_dns-2.19.so
aa96a000-aa96b000 r--p 00002000 b3:01 49332      /lib/arm-linux-gnueabihf/libnss_dns-2.19.so
aa96b000-aa96c000 rw-p 00003000 b3:01 49332      /lib/arm-linux-gnueabihf/libnss_dns-2.19.so
aa96c000-aa96e000 r-xp 00000000 b3:01 38365      /lib/arm-linux-gnueabihf/libnss_mdns4_minimal.so.2
aa96e000-aa975000 ---p 00002000 b3:01 38365      /lib/arm-linux-gnueabihf/libnss_mdns4_minimal.so.2
aa975000-aa976000 r--p 00001000 b3:01 38365      /lib/arm-linux-gnueabihf/libnss_mdns4_minimal.so.2
aa976000-aa977000 rw-p 00002000 b3:01 38365      /lib/arm-linux-gnueabihf/libnss_mdns4_minimal.so.2
aa977000-aa981000 r--s 00116000 b3:01 167820     /usr/lib/jvm/java-8-oracle/jre/lib/ext/localedata.jar
aa981000-aa987000 r--s 0003f000 b3:01 167818     /usr/lib/jvm/java-8-oracle/jre/lib/ext/sunjce_provider.jar
aa987000-aa98a000 ---p 00000000 00:00 0 
aa98a000-aa9d7000 rw-p 00000000 00:00 0 
aa9d7000-aaa06000 r-xp 00000000 b3:01 167883     /usr/lib/jvm/java-8-oracle/jre/lib/arm/libsunec.so
aaa06000-aaa0e000 ---p 0002f000 b3:01 167883     /usr/lib/jvm/java-8-oracle/jre/lib/arm/libsunec.so
aaa0e000-aaa11000 rw-p 0002f000 b3:01 167883     /usr/lib/jvm/java-8-oracle/jre/lib/arm/libsunec.so
aaa11000-aaa16000 rw-p 00000000 00:00 0 
aaa16000-aaa18000 r--s 00009000 b3:01 167817     /usr/lib/jvm/java-8-oracle/jre/lib/ext/sunec.jar
aaa18000-aaa1b000 r--s 0001a000 b3:01 53215      /usr/lib/jvm/java-8-oracle/jre/lib/jce.jar
aaa1b000-aab1b000 rw-p 00000000 00:00 0 
aab1b000-aab20000 r--s 00034000 b3:01 57248      /home/debian/.m2/repository/com/google/code/gson/gson/2.8.0/gson-2.8.0.jar
aab20000-aab21000 r--s 00006000 b3:01 54170      /home/debian/.m2/repository/com/amazonaws/aws-iot-device-sdk-java-samples/1.0.1/aws-iot-device-sdk-java-samples-1.0.1.jar
aab21000-aab26000 r--s 0002f000 b3:01 59375      /home/debian/.m2/repository/org/eclipse/paho/org.eclipse.paho.client.mqttv3/1.1.1/org.eclipse.paho.client.mqttv3-1.1.1.jar
aab26000-aab29000 r--s 0000a000 b3:01 54082      /home/debian/.m2/repository/com/fasterxml/jackson/core/jackson-annotations/2.7.0/jackson-annotations-2.7.0.jar
aab29000-aab3a000 r--s 00115000 b3:01 53972      /home/debian/.m2/repository/com/fasterxml/jackson/core/jackson-databind/2.7.4/jackson-databind-2.7.4.jar
aab3a000-aab3d000 r--s 0003b000 b3:01 53971      /home/debian/.m2/repository/com/fasterxml/jackson/core/jackson-core/2.7.4/jackson-core-2.7.4.jar
aab3d000-aab3f000 r--s 00011000 b3:01 53801      /home/debian/.m2/repository/com/amazonaws/aws-iot-device-sdk-java/1.0.1/aws-iot-device-sdk-java-1.0.1.jar
aab3f000-aad00000 rw-p 00000000 00:00 0 
aad00000-aadf9000 rw-p 00000000 00:00 0 
aadf9000-aae00000 ---p 00000000 00:00 0 
aae00000-aaf00000 rw-p 00000000 00:00 0 
aaf00000-ab000000 rw-p 00000000 00:00 0 
ab000000-ab100000 rw-p 00000000 00:00 0 
ab100000-ab200000 rw-p 00000000 00:00 0 
ab200000-ab2fe000 rw-p 00000000 00:00 0 
ab2fe000-ab300000 ---p 00000000 00:00 0 
ab300000-ab3fb000 rw-p 00000000 00:00 0 
ab3fb000-ab400000 ---p 00000000 00:00 0 
ab400000-ab500000 rw-p 00000000 00:00 0 
ab500000-ab5fd000 rw-p 00000000 00:00 0 
ab5fd000-ab600000 ---p 00000000 00:00 0 
ab600000-ab602000 r--s 00011000 b3:01 57119      /home/debian/.m2/repository/com/miglayout/miglayout-core/5.0/miglayout-core-5.0.jar
ab602000-ab604000 r--s 00003000 b3:01 57120      /home/debian/.m2/repository/com/miglayout/miglayout-swing/5.0/miglayout-swing-5.0.jar
ab604000-ab606000 r--s 00008000 b3:01 164793     /home/debian/.m2/repository/io/silverspoon/bulldog-linux/0.2.1/bulldog-linux-0.2.1.jar
ab606000-ab608000 r--s 00005000 b3:01 56382      /home/debian/.m2/repository/org/slf4j/slf4j-api/1.7.5/slf4j-api-1.7.5.jar
ab608000-ab60b000 r--s 0000c000 b3:01 164789     /home/debian/.m2/repository/io/silverspoon/bulldog-core/0.2.1/bulldog-core-0.2.1.jar
ab60b000-ab60d000 r--s 0000a000 b3:01 158244     /home/debian/.m2/repository/io/silverspoon/bulldog-board-beagleboneblack/0.2.1/bulldog-board-beagleboneblack-0.2.1.jar
ab60d000-ab610000 ---p 00000000 00:00 0 
ab610000-ab65d000 rw-p 00000000 00:00 0 
ab65d000-ab65f000 r--s 0000c000 b3:01 59330      /home/debian/.m2/repository/org/apache/commons/commons-exec/1.3/commons-exec-1.3.jar
ab65f000-ab663000 r--s 00038000 b3:01 59328      /home/debian/.m2/repository/org/codehaus/plexus/plexus-utils/3.0.20/plexus-utils-3.0.20.jar
ab663000-ab665000 r--s 00002000 b3:01 55830      /home/debian/.m2/repository/org/sonatype/plexus/plexus-cipher/1.4/plexus-cipher-1.4.jar
ab665000-ab666000 r--s 00006000 b3:01 55829      /home/debian/.m2/repository/org/sonatype/plexus/plexus-sec-dispatcher/1.3/plexus-sec-dispatcher-1.3.jar
ab666000-ab668000 r--s 00002000 b3:01 55342      /home/debian/.m2/repository/org/codehaus/plexus/plexus-interactivity-api/1.0-alpha-4/plexus-interactivity-api-1.0-alpha-4.jar
ab668000-ab66a000 r--s 00009000 b3:01 59327      /home/debian/.m2/repository/commons-cli/commons-cli/1.2/commons-cli-1.2.jar
ab66a000-ab66b000 r--s 00002000 b3:01 59324      /home/debian/.m2/repository/org/apache/maven/doxia/doxia-logging-api/1.1/doxia-logging-api-1.1.jar
ab66b000-ab66d000 r--s 00002000 b3:01 59321      /home/debian/.m2/repository/org/apache/maven/doxia/doxia-sink-api/1.1/doxia-sink-api-1.1.jar
ab66d000-ab66e000 r--s 00002000 b3:01 59317      /home/debian/.m2/repository/org/apache/maven/reporting/maven-reporting-api/2.2.1/maven-reporting-api-2.2.1.jar
ab66e000-ab670000 r--s 00003000 b3:01 59319      /home/debian/.m2/repository/org/slf4j/jcl-over-slf4j/1.5.6/jcl-over-slf4j-1.5.6.jar
ab670000-ab672000 r--s 00004000 b3:01 59318      /home/debian/.m2/repository/org/slf4j/slf4j-api/1.5.6/slf4j-api-1.5.6.jar
ab672000-ab674000 r--s 00001000 b3:01 59316      /home/debian/.m2/repository/org/slf4j/slf4j-jdk14/1.5.6/slf4j-jdk14-1.5.6.jar
ab674000-ab67c000 r--s 00049000 b3:01 57878      /home/debian/.m2/repository/backport-util-concurrent/backport-util-concurrent/3.1/backport-util-concurrent-3.1.jar
ab67c000-ab67e000 r--s 0000b000 b3:01 57993      /home/debian/.m2/repository/org/codehaus/plexus/plexus-interpolation/1.11/plexus-interpolation-1.11.jar
ab67e000-ab680000 r--s 0000c000 b3:01 59297      /home/debian/.m2/repository/org/codehaus/mojo/exec-maven-plugin/1.5.0/exec-maven-plugin-1.5.0.jar
ab680000-ab68e000 r-xp 00000000 b3:01 167874     /usr/lib/jvm/java-8-oracle/jre/lib/arm/libnio.so
ab68e000-ab695000 ---p 0000e000 b3:01 167874     /usr/lib/jvm/java-8-oracle/jre/lib/arm/libnio.so
ab695000-ab696000 rw-p 0000d000 b3:01 167874     /usr/lib/jvm/java-8-oracle/jre/lib/arm/libnio.so
ab696000-ab6a9000 r-xp 00000000 b3:01 167881     /usr/lib/jvm/java-8-oracle/jre/lib/arm/libnet.so
ab6a9000-ab6b1000 ---p 00013000 b3:01 167881     /usr/lib/jvm/java-8-oracle/jre/lib/arm/libnet.so
ab6b1000-ab6b2000 rw-p 00013000 b3:01 167881     /usr/lib/jvm/java-8-oracle/jre/lib/arm/libnet.so
ab6b2000-ab6b6000 r--s 00097000 b3:01 53236      /usr/lib/jvm/java-8-oracle/jre/lib/jsse.jar
ab6b6000-ab6b8000 r--s 00005000 b3:01 55158      /usr/share/java/maven3-repository-metadata-3.0.5.jar
ab6b8000-ab6ba000 r--s 0000a000 b3:01 55154      /usr/share/java/maven3-artifact-3.0.5.jar
ab6ba000-ab6bd000 r--s 00013000 b3:01 170143     /usr/share/maven-repo/org/sonatype/aether/aether-api/1.13.1/aether-api-1.13.1.jar
ab6bd000-ab6bf000 r--s 00000000 b3:01 53424      /usr/share/java/plexus-component-annotations-1.5-1.5.5.jar
ab6bf000-ab6c1000 r--s 00007000 b3:01 53856      /usr/share/java/commons-cli-1.2.jar
ab6c1000-ab6c5000 r--s 0001c000 b3:01 170120     /usr/share/maven-repo/org/sonatype/aether/aether-util/1.13.1/aether-util-1.13.1.jar
ab6c5000-ab6d2000 r--s 0008f000 b3:01 53741      /usr/share/java/sisu-guice.jar
ab6d2000-ab700000 r--s 001d5000 b3:01 55110      /usr/share/java/wagon-http-shaded-2.x.jar
ab700000-ab800000 rw-p 00000000 00:00 0 
ab800000-ab801000 r--s 00006000 b3:01 54238      /usr/share/java/plexus-sec-dispatcher.jar
ab801000-ab803000 r--s 0000a000 b3:01 55117      /usr/share/java/wagon-provider-api-2.x.jar
ab803000-ab805000 r--s 00008000 b3:01 55155      /usr/share/java/maven3-embedder-3.0.5.jar
ab805000-ab80c000 r--s 00040000 b3:01 53862      /usr/share/java/sisu-inject-bean.jar
ab80c000-ab837000 r--s 001f8000 b3:01 53891      /usr/share/java/guava.jar
ab837000-ab838000 ---p 00000000 00:00 0 
ab838000-ab8b7000 rw-p 00000000 00:00 0 
ab8b7000-ab8ba000 ---p 00000000 00:00 0 
ab8ba000-ab907000 rw-p 00000000 00:00 0 
ab907000-ab90a000 ---p 00000000 00:00 0 
ab90a000-ab987000 rw-p 00000000 00:00 0 
ab987000-ab98a000 ---p 00000000 00:00 0 
ab98a000-ab9d7000 rw-p 00000000 00:00 0 
ab9d7000-abb60000 r--p 00000000 b3:01 10171      /usr/lib/locale/locale-archive
abb60000-abb63000 ---p 00000000 00:00 0 
abb63000-abbb0000 rw-p 00000000 00:00 0 
abbb0000-abbb3000 ---p 00000000 00:00 0 
abbb3000-abc00000 rw-p 00000000 00:00 0 
abc00000-abcce000 rw-p 00000000 00:00 0 
abcce000-abd00000 ---p 00000000 00:00 0 
abd00000-abd01000 r--s 00003000 b3:01 170096     /usr/share/maven-repo/org/sonatype/aether/aether-spi/1.13.1/aether-spi-1.13.1.jar
abd01000-abd03000 r--s 00009000 b3:01 55149      /usr/share/java/maven3-plugin-api-3.0.5.jar
abd03000-abd09000 r--s 0002c000 b3:01 53814      /usr/share/java/sisu-inject-plexus.jar
abd09000-abd0b000 r--s 00006000 b3:01 170114     /usr/share/maven-repo/org/sonatype/aether/aether-connector-wagon/1.13.1/aether-connector-wagon-1.13.1.jar
abd0b000-abd0d000 r--s 0000e000 b3:01 53996      /usr/share/java/plexus-interpolation.jar
abd0d000-abd0e000 ---p 00000000 00:00 0 
abd0e000-abddc000 rw-p 00000000 00:00 0 
abddc000-abfb4000 r--s 03d2a000 b3:01 53233      /usr/lib/jvm/java-8-oracle/jre/lib/rt.jar
abfb4000-ac3fa000 rw-p 00000000 00:00 0 
ac3fa000-ac400000 ---p 00000000 00:00 0 
ac400000-aca00000 rw-p 00000000 00:00 0 
aca00000-aed40000 ---p 00000000 00:00 0 
aed40000-af92d000 rw-p 00000000 00:00 0 
af92d000-b4000000 ---p 00000000 00:00 0 
b4000000-b4004000 r--s 00037000 b3:01 53077      /usr/share/java/plexus-utils2-3.0.15.jar
b4004000-b4010000 r--s 0007c000 b3:01 55153      /usr/share/java/maven3-core-3.0.5.jar
b4010000-b4014000 r--s 00020000 b3:01 55151      /usr/share/java/maven3-model-builder-3.0.5.jar
b4014000-b401b000 r--s 0003b000 b3:01 53944      /usr/share/java/commons-codec-1.9.jar
b401b000-b4020000 r--s 00044000 b3:01 54245      /usr/share/java/commons-httpclient-3.1.jar
b4020000-b4081000 rw-p 00000000 00:00 0 
b4081000-b40a5000 ---p 00000000 00:00 0 
b40a5000-b40a8000 rw-p 00000000 00:00 0 
b40a8000-b40b9000 ---p 00000000 00:00 0 
b40b9000-b40c0000 rw-p 00000000 00:00 0 
b40c0000-b40e3000 ---p 00000000 00:00 0 
b40e3000-b40ef000 rw-p 00000000 00:00 0 
b40ef000-b4164000 ---p 00000000 00:00 0 
b4164000-b43f4000 rwxp 00000000 00:00 0 
b43f4000-b6164000 ---p 00000000 00:00 0 
b6164000-b617b000 r-xp 00000000 b3:01 167850     /usr/lib/jvm/java-8-oracle/jre/lib/arm/libzip.so
b617b000-b6182000 ---p 00017000 b3:01 167850     /usr/lib/jvm/java-8-oracle/jre/lib/arm/libzip.so
b6182000-b6183000 rw-p 00016000 b3:01 167850     /usr/lib/jvm/java-8-oracle/jre/lib/arm/libzip.so
b6183000-b618b000 r-xp 00000000 b3:01 49333      /lib/arm-linux-gnueabihf/libnss_files-2.19.so
b618b000-b619a000 ---p 00008000 b3:01 49333      /lib/arm-linux-gnueabihf/libnss_files-2.19.so
b619a000-b619b000 r--p 00007000 b3:01 49333      /lib/arm-linux-gnueabihf/libnss_files-2.19.so
b619b000-b619c000 rw-p 00008000 b3:01 49333      /lib/arm-linux-gnueabihf/libnss_files-2.19.so
b619c000-b61a3000 r-xp 00000000 b3:01 49335      /lib/arm-linux-gnueabihf/libnss_nis-2.19.so
b61a3000-b61b2000 ---p 00007000 b3:01 49335      /lib/arm-linux-gnueabihf/libnss_nis-2.19.so
b61b2000-b61b3000 r--p 00006000 b3:01 49335      /lib/arm-linux-gnueabihf/libnss_nis-2.19.so
b61b3000-b61b4000 rw-p 00007000 b3:01 49335      /lib/arm-linux-gnueabihf/libnss_nis-2.19.so
b61b4000-b61c1000 r-xp 00000000 b3:01 49330      /lib/arm-linux-gnueabihf/libnsl-2.19.so
b61c1000-b61d0000 ---p 0000d000 b3:01 49330      /lib/arm-linux-gnueabihf/libnsl-2.19.so
b61d0000-b61d1000 r--p 0000c000 b3:01 49330      /lib/arm-linux-gnueabihf/libnsl-2.19.so
b61d1000-b61d2000 rw-p 0000d000 b3:01 49330      /lib/arm-linux-gnueabihf/libnsl-2.19.so
b61d2000-b61d4000 rw-p 00000000 00:00 0 
b61d4000-b61f7000 r-xp 00000000 b3:01 167876     /usr/lib/jvm/java-8-oracle/jre/lib/arm/libjava.so
b61f7000-b61ff000 ---p 00023000 b3:01 167876     /usr/lib/jvm/java-8-oracle/jre/lib/arm/libjava.so
b61ff000-b6200000 rw-p 00023000 b3:01 167876     /usr/lib/jvm/java-8-oracle/jre/lib/arm/libjava.so
b6200000-b62fd000 rw-p 00000000 00:00 0 
b62fd000-b6300000 ---p 00000000 00:00 0 
b6300000-b6302000 r--s 0000b000 b3:01 55157      /usr/share/java/maven3-aether-provider-3.0.5.jar
b6302000-b6303000 r--s 00001000 b3:01 55108      /usr/share/java/wagon-file-2.x.jar
b6303000-b6305000 r--s 00009000 b3:01 55156      /usr/share/java/maven3-settings-3.0.5.jar
b6305000-b630a000 r-xp 00000000 b3:01 49331      /lib/arm-linux-gnueabihf/libnss_compat-2.19.so
b630a000-b6319000 ---p 00005000 b3:01 49331      /lib/arm-linux-gnueabihf/libnss_compat-2.19.so
b6319000-b631a000 r--p 00004000 b3:01 49331      /lib/arm-linux-gnueabihf/libnss_compat-2.19.so
b631a000-b631b000 rw-p 00005000 b3:01 49331      /lib/arm-linux-gnueabihf/libnss_compat-2.19.so
b631b000-b6324000 r-xp 00000000 b3:01 167852     /usr/lib/jvm/java-8-oracle/jre/lib/arm/libverify.so
b6324000-b632c000 ---p 00009000 b3:01 167852     /usr/lib/jvm/java-8-oracle/jre/lib/arm/libverify.so
b632c000-b632d000 rw-p 00009000 b3:01 167852     /usr/lib/jvm/java-8-oracle/jre/lib/arm/libverify.so
b632d000-b6332000 r-xp 00000000 b3:01 49339      /lib/arm-linux-gnueabihf/librt-2.19.so
b6332000-b6341000 ---p 00005000 b3:01 49339      /lib/arm-linux-gnueabihf/librt-2.19.so
b6341000-b6342000 r--p 00004000 b3:01 49339      /lib/arm-linux-gnueabihf/librt-2.19.so
b6342000-b6343000 rw-p 00005000 b3:01 49339      /lib/arm-linux-gnueabihf/librt-2.19.so
b6343000-b6346000 ---p 00000000 00:00 0 
b6346000-b6393000 rw-p 00000000 00:00 0 
b6393000-b63f6000 r-xp 00000000 b3:01 49328      /lib/arm-linux-gnueabihf/libm-2.19.so
b63f6000-b6405000 ---p 00063000 b3:01 49328      /lib/arm-linux-gnueabihf/libm-2.19.so
b6405000-b6406000 r--p 00062000 b3:01 49328      /lib/arm-linux-gnueabihf/libm-2.19.so
b6406000-b6407000 rw-p 00063000 b3:01 49328      /lib/arm-linux-gnueabihf/libm-2.19.so
b6407000-b6990000 r-xp 00000000 b3:01 167867     /usr/lib/jvm/java-8-oracle/jre/lib/arm/client/libjvm.so
b6990000-b6997000 ---p 00589000 b3:01 167867     /usr/lib/jvm/java-8-oracle/jre/lib/arm/client/libjvm.so
b6997000-b69c3000 rw-p 00588000 b3:01 167867     /usr/lib/jvm/java-8-oracle/jre/lib/arm/client/libjvm.so
b69c3000-b6dea000 rw-p 00000000 00:00 0 
b6dea000-b6e03000 r-xp 00000000 b3:01 38344      /lib/arm-linux-gnueabihf/libgcc_s.so.1
b6e03000-b6e12000 ---p 00019000 b3:01 38344      /lib/arm-linux-gnueabihf/libgcc_s.so.1
b6e12000-b6e13000 rw-p 00018000 b3:01 38344      /lib/arm-linux-gnueabihf/libgcc_s.so.1
b6e13000-b6eee000 r-xp 00000000 b3:01 49324      /lib/arm-linux-gnueabihf/libc-2.19.so
b6eee000-b6efd000 ---p 000db000 b3:01 49324      /lib/arm-linux-gnueabihf/libc-2.19.so
b6efd000-b6eff000 r--p 000da000 b3:01 49324      /lib/arm-linux-gnueabihf/libc-2.19.so
b6eff000-b6f00000 rw-p 000dc000 b3:01 49324      /lib/arm-linux-gnueabihf/libc-2.19.so
b6f00000-b6f03000 rw-p 00000000 00:00 0 
b6f03000-b6f05000 r-xp 00000000 b3:01 49327      /lib/arm-linux-gnueabihf/libdl-2.19.so
b6f05000-b6f14000 ---p 00002000 b3:01 49327      /lib/arm-linux-gnueabihf/libdl-2.19.so
b6f14000-b6f15000 r--p 00001000 b3:01 49327      /lib/arm-linux-gnueabihf/libdl-2.19.so
b6f15000-b6f16000 rw-p 00002000 b3:01 49327      /lib/arm-linux-gnueabihf/libdl-2.19.so
b6f16000-b6f2a000 r-xp 00000000 b3:01 53279      /usr/lib/jvm/java-8-oracle/lib/arm/jli/libjli.so
b6f2a000-b6f32000 ---p 00014000 b3:01 53279      /usr/lib/jvm/java-8-oracle/lib/arm/jli/libjli.so
b6f32000-b6f33000 rw-p 00014000 b3:01 53279      /usr/lib/jvm/java-8-oracle/lib/arm/jli/libjli.so
b6f33000-b6f43000 r-xp 00000000 b3:01 49320      /lib/arm-linux-gnueabihf/libpthread-2.19.so
b6f43000-b6f52000 ---p 00010000 b3:01 49320      /lib/arm-linux-gnueabihf/libpthread-2.19.so
b6f52000-b6f53000 r--p 0000f000 b3:01 49320      /lib/arm-linux-gnueabihf/libpthread-2.19.so
b6f53000-b6f54000 rw-p 00010000 b3:01 49320      /lib/arm-linux-gnueabihf/libpthread-2.19.so
b6f54000-b6f56000 rw-p 00000000 00:00 0 
b6f56000-b6f57000 r--s 0000d000 b3:01 53583      /usr/share/java/commons-logging-1.2.jar
b6f57000-b6f59000 r--s 00025000 b3:01 55159      /usr/share/java/maven3-model-3.0.5.jar
b6f59000-b6f5b000 r--s 00007000 b3:01 55152      /usr/share/java/maven3-settings-builder-3.0.5.jar
b6f5b000-b6f61000 r--s 0003e000 b3:01 55150      /usr/share/java/maven3-compat-3.0.5.jar
b6f61000-b6f63000 r--s 00002000 b3:01 54225      /usr/share/java/plexus-cipher.jar
b6f63000-b6f66000 r--s 0001d000 b3:01 170127     /usr/share/maven-repo/org/sonatype/aether/aether-impl/1.13.1/aether-impl-1.13.1.jar
b6f66000-b6f7d000 r-xp 00000000 b3:01 49321      /lib/arm-linux-gnueabihf/ld-2.19.so
b6f7d000-b6f7f000 r--s 0000a000 b3:01 53808      /usr/share/java/plexus-classworlds2-2.5.2.jar
b6f7f000-b6f87000 rw-s 00000000 b3:01 56190      /tmp/hsperfdata_debian/2411
b6f87000-b6f88000 r--p 00000000 00:00 0 
b6f88000-b6f8d000 rw-p 00000000 00:00 0 
b6f8d000-b6f8e000 r--p 00017000 b3:01 49321      /lib/arm-linux-gnueabihf/ld-2.19.so
b6f8e000-b6f8f000 rw-p 00018000 b3:01 49321      /lib/arm-linux-gnueabihf/ld-2.19.so
beda9000-bedca000 rw-p 00000000 00:00 0          [stack]
beea1000-beea2000 r-xp 00000000 00:00 0          [sigpage]
beea2000-beea3000 r--p 00000000 00:00 0          [vvar]
beea3000-beea4000 r-xp 00000000 00:00 0          [vdso]
ffff0000-ffff1000 r-xp 00000000 00:00 0          [vectors]

VM Arguments:
jvm_args: -Dclassworlds.conf=/usr/share/maven/bin/m2.conf -Dmaven.home=/usr/share/maven 
java_command: org.codehaus.plexus.classworlds.launcher.Launcher exec:java -Dexec.mainClass=edu.slu.iot.realdaq.PublishSample
java_class_path (initial): /usr/share/maven/boot/plexus-classworlds-2.x.jar
Launcher Type: SUN_STANDARD

Environment Variables:
JAVA_HOME=/usr/lib/jvm/java-8-oracle
PATH=/home/debian/bin:/usr/local/sbin:/usr/local/bin:/usr/sbin:/usr/bin:/sbin:/bin:/usr/local/games:/usr/games:/usr/lib/jvm/java-8-oracle/bin:/usr/lib/jvm/java-8-oracle/db/bin:/usr/lib/jvm/java-8-oracle/jre/bin
SHELL=/bin/bash

Signal Handlers:
SIGSEGV: [libjvm.so+0x50b624], sa_mask[0]=11111111011111111101111111111110, sa_flags=SA_RESTART|SA_SIGINFO
SIGBUS: [libjvm.so+0x50b624], sa_mask[0]=11111111011111111101111111111110, sa_flags=SA_RESTART|SA_SIGINFO
SIGFPE: [libjvm.so+0x4018d4], sa_mask[0]=11111111011111111101111111111110, sa_flags=SA_RESTART|SA_SIGINFO
SIGPIPE: [libjvm.so+0x4018d4], sa_mask[0]=11111111011111111101111111111110, sa_flags=SA_RESTART|SA_SIGINFO
SIGXFSZ: [libjvm.so+0x4018d4], sa_mask[0]=11111111011111111101111111111110, sa_flags=SA_RESTART|SA_SIGINFO
SIGILL: [libjvm.so+0x4018d4], sa_mask[0]=11111111011111111101111111111110, sa_flags=SA_RESTART|SA_SIGINFO
SIGUSR1: SIG_DFL, sa_mask[0]=00000000000000000000000000000000, sa_flags=none
SIGUSR2: [libjvm.so+0x401a38], sa_mask[0]=00000000000000000000000000000000, sa_flags=SA_RESTART|SA_SIGINFO
SIGHUP: [libjvm.so+0x401e6c], sa_mask[0]=11111111011111111101111111111110, sa_flags=SA_RESTART|SA_SIGINFO
SIGINT: [libjvm.so+0x401e6c], sa_mask[0]=11111111011111111101111111111110, sa_flags=SA_RESTART|SA_SIGINFO
SIGTERM: [libjvm.so+0x401e6c], sa_mask[0]=11111111011111111101111111111110, sa_flags=SA_RESTART|SA_SIGINFO
SIGQUIT: [libjvm.so+0x401e6c], sa_mask[0]=11111111011111111101111111111110, sa_flags=SA_RESTART|SA_SIGINFO


---------------  S Y S T E M  ---------------

OS:PRETTY_NAME="Debian GNU/Linux 8 (jessie)"
NAME="Debian GNU/Linux"
VERSION_ID="8"
VERSION="8 (jessie)"
ID=debian
HOME_URL="http://www.debian.org/"
SUPPORT_URL="http://www.debian.org/support"
BUG_REPORT_URL="https://bugs.debian.org/"

uname:Linux 4.4.36-ti-r72 #1 SMP Wed Dec 7 22:29:53 UTC 2016 armv7l
libc:glibc 2.19 NPTL 2.19 
rlimit: STACK 8192k, CORE 0k, NPROC 3474, NOFILE 65536, AS infinity
load average:0.69 0.33 0.17

/proc/meminfo:
MemTotal:         499744 kB
MemFree:          242912 kB
MemAvailable:     359952 kB
Buffers:           19756 kB
Cached:           103900 kB
SwapCached:            0 kB
Active:           169696 kB
Inactive:          54272 kB
Active(anon):     100528 kB
Inactive(anon):     7932 kB
Active(file):      69168 kB
Inactive(file):    46340 kB
Unevictable:           0 kB
Mlocked:               0 kB
HighTotal:             0 kB
HighFree:              0 kB
LowTotal:         499744 kB
LowFree:          242912 kB
SwapTotal:             0 kB
SwapFree:              0 kB
Dirty:               176 kB
Writeback:             0 kB
AnonPages:        100412 kB
Mapped:            38024 kB
Shmem:              8072 kB
Slab:              20956 kB
SReclaimable:      12284 kB
SUnreclaim:         8672 kB
KernelStack:        1544 kB
PageTables:         1924 kB
NFS_Unstable:          0 kB
Bounce:                0 kB
WritebackTmp:          0 kB
CommitLimit:      249872 kB
Committed_AS:     732516 kB
VmallocTotal:     507904 kB
VmallocUsed:           0 kB
VmallocChunk:          0 kB
CmaTotal:          49152 kB
CmaFree:           45428 kB


CPU:total 1 (ARMv7), vfp

/proc/cpuinfo:
processor	: 0
model name	: ARMv7 Processor rev 2 (v7l)
BogoMIPS	: 995.32
Features	: half thumb fastmult vfp edsp thumbee neon vfpv3 tls vfpd32 
CPU implementer	: 0x41
CPU architecture: 7
CPU variant	: 0x3
CPU part	: 0xc08
CPU revision	: 2

Hardware	: Generic AM33XX (Flattened Device Tree)
Revision	: 0000
Serial		: 0000000000000000


Memory: 4k page, physical 499744k(242912k free), swap 0k(0k free)

vm_info: Java HotSpot(TM) Client VM (25.111-b14) for linux-arm-vfp-hflt JRE (1.8.0_111-b14), built on Sep 22 2016 17:01:54 by "java_re" with gcc 4.7.2 20120910 (prerelease)

time: Thu Mar 23 20:17:06 2017
elapsed time: 32 seconds (0d 0h 0m 32s)

