#
# A fatal error has been detected by the Java Runtime Environment:
#
#  SIGSEGV (0xb) at pc=0xaa47df54, pid=2979, tid=0xab67d460
#
# JRE version: Java(TM) SE Runtime Environment (8.0_111-b14) (build 1.8.0_111-b14)
# Java VM: Java HotSpot(TM) Client VM (25.111-b14 mixed mode linux-arm )
# Problematic frame:
# C  [bulldog-linux-native2422247898815207902.so+0x4f54]  BBBIO_sys_Enable_GPIO+0x58
#
# Failed to write core dump. Core dumps have been disabled. To enable core dumping, try "ulimit -c unlimited" before starting Java again
#
# If you would like to submit a bug report, please visit:
#   http://bugreport.java.com/bugreport/crash.jsp
# The crash happened outside the Java Virtual Machine in native code.
# See problematic frame for where to report the bug.
#

---------------  T H R E A D  ---------------

Current thread (0x0179e960):  JavaThread "pool-2-thread-1" [_thread_in_native, id=3006, stack(0xab62e000,0xab67e000)]

siginfo: si_signo: 11 (SIGSEGV), si_code: 1 (SEGV_MAPERR), si_addr: 0x00000008

Registers:
  r0  = 0x00000001
  r1  = 0xaa491090
  r2  = 0x00000000
  r3  = 0xaa491238
  r4  = 0xb41b7c40
  r5  = 0xaa47fa94
  r6  = 0x00000000
  r7  = 0x00000000
  r8  = 0xab67c084
  r9  = 0xaa3a20f8
  r10 = 0x0179e960
  fp  = 0xab67c07c
  r12 = 0xaa47defc
  sp  = 0xab67c000
  lr  = 0xaa47faa0
  pc  = 0xaa47df54
  cpsr = 0x800f0010

Top of Stack: (sp=0xab67c000)
0xab67c000:   b41b7c40 b41876f8 0179e960 ab67c038
0xab67c010:   b6270abc 0179e960 ab67c038 ab67c030
0xab67c020:   ab67c054 b66c6d2c 0079e960 0179e960
0xab67c030:   aa3a20f8 0179e960 aa3a20f8 0179e960
0xab67c040:   aa3a20f8 00000000 00000000 00000000
0xab67c050:   ab67c07c b4187610 b417f1c0 ab67c05c
0xab67c060:   00000000 ab67c084 aa3a2760 00000000
0xab67c070:   aa3a20f8 00000000 ab67c088 ab67c0a8 

Instructions: (pc=0xaa47df54)
0xaa47df34:   e3500003 0a00000f e3500001 0a000012
0xaa47df44:   e59f3070 e3a00001 e7913003 e5932000
0xaa47df54:   e5923008 e3833002 e5823008 e12fff1e
0xaa47df64:   e59f0054 e92d4010 e08f0000 ebfff6ad 

Register to memory mapping:

  r0  = 0x00000001
0x00000001 is an unknown value

  r1  = 0xaa491090
0xaa491090: <offset 0x18090> in /tmp/bulldog-linux-native2422247898815207902.so at 0xaa479000

  r2  = 0x00000000
0x00000000 is an unknown value

  r3  = 0xaa491238
0xaa491238: __bss_start__+0 in /tmp/bulldog-linux-native2422247898815207902.so at 0xaa479000

  r4  = 0xb41b7c40
0xb41b7c40 is at code_begin+0 in 
[CodeBlob (0xb41b7c08)]
Framesize: 0
BufferBlob (0xb41b7c08) used for native signature handlers

  r5  = 0xaa47fa94
0xaa47fa94: Java_io_silverspoon_bulldog_beagleboneblack_jni_NativeGpio_enableGpio+0 in /tmp/bulldog-linux-native2422247898815207902.so at 0xaa479000

  r6  = 0x00000000
0x00000000 is an unknown value

  r7  = 0x00000000
0x00000000 is an unknown value

  r8  = 0xab67c084
0xab67c084 is pointing into the stack for thread: 0x0179e960

  r9  = 0xaa3a20f8
{method} {0xaa3a20f8} 'enableGpio' '()V' in 'io/silverspoon/bulldog/beagleboneblack/jni/NativeGpio'

  r10 = 0x0179e960
0x0179e960 is a thread

  fp  = 0xab67c07c
0xab67c07c is pointing into the stack for thread: 0x0179e960

  r12 = 0xaa47defc
0xaa47defc: BBBIO_sys_Enable_GPIO+0 in /tmp/bulldog-linux-native2422247898815207902.so at 0xaa479000

  sp  = 0xab67c000
0xab67c000 is pointing into the stack for thread: 0x0179e960

  lr  = 0xaa47faa0
0xaa47faa0: Java_io_silverspoon_bulldog_beagleboneblack_jni_NativeGpio_enableGpio+0xc in /tmp/bulldog-linux-native2422247898815207902.so at 0xaa479000

  pc  = 0xaa47df54
0xaa47df54: BBBIO_sys_Enable_GPIO+0x58 in /tmp/bulldog-linux-native2422247898815207902.so at 0xaa479000



Stack: [0xab62e000,0xab67e000],  sp=0xab67c000,  free space=312k
Native frames: (J=compiled Java code, j=interpreted, Vv=VM code, C=native code)
C  [bulldog-linux-native2422247898815207902.so+0x4f54]  BBBIO_sys_Enable_GPIO+0x58

Java frames: (J=compiled Java code, j=interpreted, Vv=VM code)
j  io.silverspoon.bulldog.beagleboneblack.jni.NativeGpio.enableGpio()V+0
j  io.silverspoon.bulldog.beagleboneblack.jni.NativeGpio.initialize()V+11
j  io.silverspoon.bulldog.beagleboneblack.jni.NativeGpio.<clinit>()V+4
v  ~StubRoutines::call_stub
j  io.silverspoon.bulldog.beagleboneblack.jni.NativeAdc.<clinit>()V+4
v  ~StubRoutines::call_stub
j  io.silverspoon.bulldog.beagleboneblack.pwm.BBBAnalogInput.setupImpl()V+28
j  io.silverspoon.bulldog.core.pin.AbstractPinFeature.setup()V+1
j  io.silverspoon.bulldog.core.pin.Pin.activateFeature(Lio/silverspoon/bulldog/core/pin/PinFeature;)V+57
j  io.silverspoon.bulldog.core.pin.Pin.as(Ljava/lang/Class;)Lio/silverspoon/bulldog/core/pin/PinFeature;+13
j  edu.slu.iot.realdaq.AdcReader.read()D+14
j  edu.slu.iot.realdaq.DaqPublisher.lambda$run$0()V+19
j  edu.slu.iot.realdaq.DaqPublisher$$Lambda$2.run()V+4
j  java.util.concurrent.Executors$RunnableAdapter.call()Ljava/lang/Object;+4
j  java.util.concurrent.FutureTask.runAndReset()Z+47
j  java.util.concurrent.ScheduledThreadPoolExecutor$ScheduledFutureTask.access$301(Ljava/util/concurrent/ScheduledThreadPoolExecutor$ScheduledFutureTask;)Z+1
j  java.util.concurrent.ScheduledThreadPoolExecutor$ScheduledFutureTask.run()V+37
j  java.util.concurrent.ThreadPoolExecutor.runWorker(Ljava/util/concurrent/ThreadPoolExecutor$Worker;)V+95
j  java.util.concurrent.ThreadPoolExecutor$Worker.run()V+5
j  java.lang.Thread.run()V+11
v  ~StubRoutines::call_stub

---------------  P R O C E S S  ---------------

Java Threads: ( => current thread )
=>0x0179e960 JavaThread "pool-2-thread-1" [_thread_in_native, id=3006, stack(0xab62e000,0xab67e000)]
  0xabc682b8 JavaThread "pool-1-thread-1" [_thread_blocked, id=3004, stack(0xaa4fe000,0xaa54e000)]
  0xaadb5ed0 JavaThread "MQTT Ping: test" [_thread_blocked, id=3003, stack(0xaa871000,0xaa8c1000)]
  0xabc61e50 JavaThread "MQTT Call: test" [_thread_blocked, id=3002, stack(0xaa54e000,0xaa59e000)]
  0xabc63370 JavaThread "MQTT Snd: test" [_thread_blocked, id=3001, stack(0xaa59e000,0xaa5ee000)]
  0xabc64250 JavaThread "MQTT Rec: test" [_thread_in_native, id=3000, stack(0xaa5ee000,0xaa63e000)]
  0xb62820e0 JavaThread "Service Thread" daemon [_thread_blocked, id=2996, stack(0xab8b7000,0xab907000)]
  0xb627f030 JavaThread "C1 CompilerThread0" daemon [_thread_blocked, id=2995, stack(0xab907000,0xab987000)]
  0xb627db80 JavaThread "Signal Dispatcher" daemon [_thread_blocked, id=2994, stack(0xab987000,0xab9d7000)]
  0xb6263de0 JavaThread "Finalizer" daemon [_thread_blocked, id=2993, stack(0xabb60000,0xabbb0000)]
  0xb6261450 JavaThread "Reference Handler" daemon [_thread_blocked, id=2992, stack(0xabbb0000,0xabc00000)]
  0xb6205900 JavaThread "main" [_thread_blocked, id=2990, stack(0xb6364000,0xb63b4000)]

Other Threads:
  0xb625cfe0 VMThread [stack: 0xabd0d000,0xabd8d000] [id=2991]
  0xb6283c20 WatcherThread [stack: 0xab837000,0xab8b7000] [id=2997]

VM state:not at safepoint (normal execution)

VM Mutex/Monitor currently owned by a thread: None

Heap:
 def new generation   total 5760K, used 3110K [0xac400000, 0xaca20000, 0xaed40000)
  eden space 5248K,  49% used [0xac400000, 0xac6899b8, 0xac920000)
  from space 512K, 100% used [0xac920000, 0xac9a0000, 0xac9a0000)
  to   space 512K,   0% used [0xac9a0000, 0xac9a0000, 0xaca20000)
 tenured generation   total 12372K, used 11029K [0xaed40000, 0xaf955000, 0xb4000000)
   the space 12372K,  89% used [0xaed40000, 0xaf805670, 0xaf805800, 0xaf955000)
 Metaspace       used 12452K, capacity 12711K, committed 12824K, reserved 13616K

Card table byte_map: [0xb40bb000,0xb40fa000] byte_map_base: 0xb3b59000

Polling page: 0xb6fa8000

CodeCache: size=32768Kb used=2612Kb max_used=2612Kb free=30155Kb
 bounds [0xb417a000, 0xb440a000, 0xb617a000]
 total_blobs=1579 nmethods=1409 adapters=101
 compilation: enabled

Compilation events (10 events):
Event: 31.940 Thread 0xb627f030 1435             java.lang.ref.WeakReference::<init> (6 bytes)
Event: 31.942 Thread 0xb627f030 nmethod 1435 0xb4405b88 code [0xb4405c70, 0xb4405d28]
Event: 32.071 Thread 0xb627f030 1436             java.io.File::getName (42 bytes)
Event: 32.074 Thread 0xb627f030 nmethod 1436 0xb4405d88 code [0xb4405e90, 0xb4405fbc]
Event: 32.081 Thread 0xb627f030 1437             java.io.UnixFileSystem::resolve (103 bytes)
Event: 32.098 Thread 0xb627f030 nmethod 1437 0xb4406108 code [0xb44062e0, 0xb4406aac]
Event: 32.099 Thread 0xb627f030 1438             java.io.UnixFileSystem::prefixLength (25 bytes)
Event: 32.105 Thread 0xb627f030 nmethod 1438 0xb44071c8 code [0xb44072c0, 0xb4407424]
Event: 32.123 Thread 0xb627f030 1439             java.security.CodeSource::equals (60 bytes)
Event: 32.126 Thread 0xb627f030 nmethod 1439 0xb4407548 code [0xb4407660, 0xb4407880]

GC Heap History (10 events):
Event: 25.855 GC heap before
{Heap before GC invocations=54 (full 2):
 def new generation   total 3712K, used 3712K [0xac400000, 0xac800000, 0xaed40000)
  eden space 3328K, 100% used [0xac400000, 0xac740000, 0xac740000)
  from space 384K, 100% used [0xac740000, 0xac7a0000, 0xac7a0000)
  to   space 384K,   0% used [0xac7a0000, 0xac7a0000, 0xac800000)
 tenured generation   total 8148K, used 7892K [0xaed40000, 0xaf535000, 0xb4000000)
   the space 8148K,  96% used [0xaed40000, 0xaf4f5060, 0xaf4f5200, 0xaf535000)
 Metaspace       used 9886K, capacity 10001K, committed 10136K, reserved 10544K
Event: 26.177 GC heap after
Heap after GC invocations=55 (full 3):
 def new generation   total 5760K, used 0K [0xac400000, 0xaca20000, 0xaed40000)
  eden space 5248K,   0% used [0xac400000, 0xac400000, 0xac920000)
  from space 512K,   0% used [0xac920000, 0xac920000, 0xac9a0000)
  to   space 512K,   0% used [0xac9a0000, 0xac9a0000, 0xaca20000)
 tenured generation   total 12372K, used 7420K [0xaed40000, 0xaf955000, 0xb4000000)
   the space 12372K,  59% used [0xaed40000, 0xaf47f3a0, 0xaf47f400, 0xaf955000)
 Metaspace       used 9879K, capacity 9986K, committed 10136K, reserved 10544K
}
Event: 26.734 GC heap before
{Heap before GC invocations=55 (full 3):
 def new generation   total 5760K, used 5248K [0xac400000, 0xaca20000, 0xaed40000)
  eden space 5248K, 100% used [0xac400000, 0xac920000, 0xac920000)
  from space 512K,   0% used [0xac920000, 0xac920000, 0xac9a0000)
  to   space 512K,   0% used [0xac9a0000, 0xac9a0000, 0xaca20000)
 tenured generation   total 12372K, used 7420K [0xaed40000, 0xaf955000, 0xb4000000)
   the space 12372K,  59% used [0xaed40000, 0xaf47f3a0, 0xaf47f400, 0xaf955000)
 Metaspace       used 9908K, capacity 10025K, committed 10136K, reserved 10544K
Event: 26.760 GC heap after
Heap after GC invocations=56 (full 3):
 def new generation   total 5760K, used 512K [0xac400000, 0xaca20000, 0xaed40000)
  eden space 5248K,   0% used [0xac400000, 0xac400000, 0xac920000)
  from space 512K, 100% used [0xac9a0000, 0xaca20000, 0xaca20000)
  to   space 512K,   0% used [0xac920000, 0xac920000, 0xac9a0000)
 tenured generation   total 12372K, used 8085K [0xaed40000, 0xaf955000, 0xb4000000)
   the space 12372K,  65% used [0xaed40000, 0xaf525568, 0xaf525600, 0xaf955000)
 Metaspace       used 9908K, capacity 10025K, committed 10136K, reserved 10544K
}
Event: 28.018 GC heap before
{Heap before GC invocations=56 (full 3):
 def new generation   total 5760K, used 5760K [0xac400000, 0xaca20000, 0xaed40000)
  eden space 5248K, 100% used [0xac400000, 0xac920000, 0xac920000)
  from space 512K, 100% used [0xac9a0000, 0xaca20000, 0xaca20000)
  to   space 512K,   0% used [0xac920000, 0xac920000, 0xac9a0000)
 tenured generation   total 12372K, used 8085K [0xaed40000, 0xaf955000, 0xb4000000)
   the space 12372K,  65% used [0xaed40000, 0xaf525568, 0xaf525600, 0xaf955000)
 Metaspace       used 10779K, capacity 10924K, committed 11032K, reserved 11568K
Event: 28.053 GC heap after
Heap after GC invocations=57 (full 3):
 def new generation   total 5760K, used 512K [0xac400000, 0xaca20000, 0xaed40000)
  eden space 5248K,   0% used [0xac400000, 0xac400000, 0xac920000)
  from space 512K, 100% used [0xac920000, 0xac9a0000, 0xac9a0000)
  to   space 512K,   0% used [0xac9a0000, 0xac9a0000, 0xaca20000)
 tenured generation   total 12372K, used 9284K [0xaed40000, 0xaf955000, 0xb4000000)
   the space 12372K,  75% used [0xaed40000, 0xaf651130, 0xaf651200, 0xaf955000)
 Metaspace       used 10779K, capacity 10924K, committed 11032K, reserved 11568K
}
Event: 28.996 GC heap before
{Heap before GC invocations=57 (full 3):
 def new generation   total 5760K, used 5760K [0xac400000, 0xaca20000, 0xaed40000)
  eden space 5248K, 100% used [0xac400000, 0xac920000, 0xac920000)
  from space 512K, 100% used [0xac920000, 0xac9a0000, 0xac9a0000)
  to   space 512K,   0% used [0xac9a0000, 0xac9a0000, 0xaca20000)
 tenured generation   total 12372K, used 9284K [0xaed40000, 0xaf955000, 0xb4000000)
   the space 12372K,  75% used [0xaed40000, 0xaf651130, 0xaf651200, 0xaf955000)
 Metaspace       used 11317K, capacity 11581K, committed 11672K, reserved 12592K
Event: 29.031 GC heap after
Heap after GC invocations=58 (full 3):
 def new generation   total 5760K, used 512K [0xac400000, 0xaca20000, 0xaed40000)
  eden space 5248K,   0% used [0xac400000, 0xac400000, 0xac920000)
  from space 512K, 100% used [0xac9a0000, 0xaca20000, 0xaca20000)
  to   space 512K,   0% used [0xac920000, 0xac920000, 0xac9a0000)
 tenured generation   total 12372K, used 10366K [0xaed40000, 0xaf955000, 0xb4000000)
   the space 12372K,  83% used [0xaed40000, 0xaf75f870, 0xaf75fa00, 0xaf955000)
 Metaspace       used 11317K, capacity 11581K, committed 11672K, reserved 12592K
}
Event: 31.579 GC heap before
{Heap before GC invocations=58 (full 3):
 def new generation   total 5760K, used 5760K [0xac400000, 0xaca20000, 0xaed40000)
  eden space 5248K, 100% used [0xac400000, 0xac920000, 0xac920000)
  from space 512K, 100% used [0xac9a0000, 0xaca20000, 0xaca20000)
  to   space 512K,   0% used [0xac920000, 0xac920000, 0xac9a0000)
 tenured generation   total 12372K, used 10366K [0xaed40000, 0xaf955000, 0xb4000000)
   the space 12372K,  83% used [0xaed40000, 0xaf75f870, 0xaf75fa00, 0xaf955000)
 Metaspace       used 12211K, capacity 12423K, committed 12568K, reserved 12592K
Event: 31.614 GC heap after
Heap after GC invocations=59 (full 3):
 def new generation   total 5760K, used 512K [0xac400000, 0xaca20000, 0xaed40000)
  eden space 5248K,   0% used [0xac400000, 0xac400000, 0xac920000)
  from space 512K, 100% used [0xac920000, 0xac9a0000, 0xac9a0000)
  to   space 512K,   0% used [0xac9a0000, 0xac9a0000, 0xaca20000)
 tenured generation   total 12372K, used 11029K [0xaed40000, 0xaf955000, 0xb4000000)
   the space 12372K,  89% used [0xaed40000, 0xaf805670, 0xaf805800, 0xaf955000)
 Metaspace       used 12211K, capacity 12423K, committed 12568K, reserved 12592K
}

Deoptimization events (0 events):
No events

Internal exceptions (10 events):
Event: 24.025 Thread 0xb6205900 Exception <a 'java/lang/ArrayIndexOutOfBoundsException'> (0xac6d5c10) thrown at [/HUDSON/workspace/8-2-build-glinux-arm-vfp-hflt/jdk8u111/7883/hotspot/src/share/vm/runtime/sharedRuntime.cpp, line 605]
Event: 24.027 Thread 0xb6205900 Exception <a 'java/lang/ArrayIndexOutOfBoundsException'> (0xac6d7470) thrown at [/HUDSON/workspace/8-2-build-glinux-arm-vfp-hflt/jdk8u111/7883/hotspot/src/share/vm/runtime/sharedRuntime.cpp, line 605]
Event: 24.028 Thread 0xb6205900 Exception <a 'java/lang/ArrayIndexOutOfBoundsException'> (0xac6d88f0) thrown at [/HUDSON/workspace/8-2-build-glinux-arm-vfp-hflt/jdk8u111/7883/hotspot/src/share/vm/runtime/sharedRuntime.cpp, line 605]
Event: 24.045 Thread 0xb6205900 Exception <a 'java/lang/NoClassDefFoundError': org/slf4j/Logger> (0xac6e7e08) thrown at [/HUDSON/workspace/8-2-build-glinux-arm-vfp-hflt/jdk8u111/7883/hotspot/src/share/vm/oops/constantPool.cpp, line 235]
Event: 26.702 Thread 0xb6270778 Exception <a 'java/lang/reflect/InvocationTargetException'> (0xac8b06a8) thrown at [/HUDSON/workspace/8-2-build-glinux-arm-vfp-hflt/jdk8u111/7883/hotspot/src/share/vm/runtime/reflection.cpp, line 1092]
Event: 28.472 Thread 0x01720c88 Exception <a 'java/lang/NoSuchFieldError': method resolution failed> (0xac4ce438) thrown at [/HUDSON/workspace/8-2-build-glinux-arm-vfp-hflt/jdk8u111/7883/hotspot/src/share/vm/prims/methodHandles.cpp, line 1146]
Event: 28.486 Thread 0x01720c88 Exception <a 'java/lang/NoSuchFieldError': method resolution failed> (0xac4da8f8) thrown at [/HUDSON/workspace/8-2-build-glinux-arm-vfp-hflt/jdk8u111/7883/hotspot/src/share/vm/prims/methodHandles.cpp, line 1146]
Event: 31.194 Thread 0xb6270778 Exception <a 'java/lang/ArrayIndexOutOfBoundsException'> (0xac6f70f8) thrown at [/HUDSON/workspace/8-2-build-glinux-arm-vfp-hflt/jdk8u111/7883/hotspot/src/share/vm/runtime/sharedRuntime.cpp, line 605]
Event: 31.194 Thread 0xb6270778 Exception <a 'java/lang/ArrayIndexOutOfBoundsException'> (0xac6f7bd0) thrown at [/HUDSON/workspace/8-2-build-glinux-arm-vfp-hflt/jdk8u111/7883/hotspot/src/share/vm/runtime/sharedRuntime.cpp, line 605]
Event: 31.660 Thread 0x0179e960 Exception <a 'java/lang/NoClassDefFoundError': org/slf4j/impl/StaticLoggerBinder> (0xac434c98) thrown at [/HUDSON/workspace/8-2-build-glinux-arm-vfp-hflt/jdk8u111/7883/hotspot/src/share/vm/classfile/systemDictionary.cpp, line 199]

Events (10 events):
Event: 32.143 loading class java/nio/IntBuffer done
Event: 32.143 loading class java/nio/DirectIntBufferU done
Event: 32.145 loading class io/silverspoon/bulldog/beagleboneblack/jni/NativeAdc
Event: 32.145 loading class io/silverspoon/bulldog/beagleboneblack/jni/NativeAdc done
Event: 32.148 loading class io/silverspoon/bulldog/beagleboneblack/jni/NativeAdc$1
Event: 32.148 loading class io/silverspoon/bulldog/beagleboneblack/jni/NativeAdc$1 done
Event: 32.151 loading class io/silverspoon/bulldog/beagleboneblack/jni/NativeGpio
Event: 32.151 loading class io/silverspoon/bulldog/beagleboneblack/jni/NativeGpio done
Event: 32.153 loading class io/silverspoon/bulldog/beagleboneblack/jni/NativeGpio$1
Event: 32.153 loading class io/silverspoon/bulldog/beagleboneblack/jni/NativeGpio$1 done


Dynamic libraries:
00008000-00009000 r-xp 00000000 b3:01 53112      /usr/lib/jvm/java-8-oracle/bin/java
00010000-00011000 rw-p 00000000 b3:01 53112      /usr/lib/jvm/java-8-oracle/bin/java
01611000-01904000 rw-p 00000000 00:00 0          [heap]
aa379000-aa3b9000 rw-p 00000000 00:00 0 
aa3b9000-aa479000 ---p 00000000 00:00 0 
aa479000-aa481000 r-xp 00000000 b3:01 59335      /tmp/bulldog-linux-native2422247898815207902.so
aa481000-aa491000 ---p 00008000 b3:01 59335      /tmp/bulldog-linux-native2422247898815207902.so
aa491000-aa492000 rw-p 00008000 b3:01 59335      /tmp/bulldog-linux-native2422247898815207902.so
aa492000-aa495000 ---p 00000000 00:00 0 
aa495000-aa4e2000 rw-p 00000000 00:00 0 
aa4e2000-aa4fe000 r--s 00393000 b3:01 167823     /usr/lib/jvm/java-8-oracle/jre/lib/ext/cldrdata.jar
aa4fe000-aa501000 ---p 00000000 00:00 0 
aa501000-aa54e000 rw-p 00000000 00:00 0 
aa54e000-aa551000 ---p 00000000 00:00 0 
aa551000-aa59e000 rw-p 00000000 00:00 0 
aa59e000-aa5a1000 ---p 00000000 00:00 0 
aa5a1000-aa5ee000 rw-p 00000000 00:00 0 
aa5ee000-aa5f1000 ---p 00000000 00:00 0 
aa5f1000-aa63e000 rw-p 00000000 00:00 0 
aa63e000-aa651000 r--s 00345000 b3:01 53232      /usr/lib/jvm/java-8-oracle/jre/lib/resources.jar
aa651000-aa751000 rw-p 00000000 00:00 0 
aa751000-aa851000 rw-p 00000000 00:00 0 
aa851000-aa85e000 r-xp 00000000 b3:01 49338      /lib/arm-linux-gnueabihf/libresolv-2.19.so
aa85e000-aa86d000 ---p 0000d000 b3:01 49338      /lib/arm-linux-gnueabihf/libresolv-2.19.so
aa86d000-aa86e000 r--p 0000c000 b3:01 49338      /lib/arm-linux-gnueabihf/libresolv-2.19.so
aa86e000-aa86f000 rw-p 0000d000 b3:01 49338      /lib/arm-linux-gnueabihf/libresolv-2.19.so
aa86f000-aa871000 rw-p 00000000 00:00 0 
aa871000-aa874000 ---p 00000000 00:00 0 
aa874000-aa8c1000 rw-p 00000000 00:00 0 
aa8c1000-aa8f0000 r-xp 00000000 b3:01 167883     /usr/lib/jvm/java-8-oracle/jre/lib/arm/libsunec.so
aa8f0000-aa8f8000 ---p 0002f000 b3:01 167883     /usr/lib/jvm/java-8-oracle/jre/lib/arm/libsunec.so
aa8f8000-aa8fb000 rw-p 0002f000 b3:01 167883     /usr/lib/jvm/java-8-oracle/jre/lib/arm/libsunec.so
aa8fb000-aaa00000 rw-p 00000000 00:00 0 
aaa00000-aaa7c000 rw-p 00000000 00:00 0 
aaa7c000-aab00000 ---p 00000000 00:00 0 
aab07000-aab08000 rw-p 00000000 00:00 0 
aab08000-aab0b000 r-xp 00000000 b3:01 49332      /lib/arm-linux-gnueabihf/libnss_dns-2.19.so
aab0b000-aab1a000 ---p 00003000 b3:01 49332      /lib/arm-linux-gnueabihf/libnss_dns-2.19.so
aab1a000-aab1b000 r--p 00002000 b3:01 49332      /lib/arm-linux-gnueabihf/libnss_dns-2.19.so
aab1b000-aab1c000 rw-p 00003000 b3:01 49332      /lib/arm-linux-gnueabihf/libnss_dns-2.19.so
aab1c000-aab1e000 r-xp 00000000 b3:01 38365      /lib/arm-linux-gnueabihf/libnss_mdns4_minimal.so.2
aab1e000-aab25000 ---p 00002000 b3:01 38365      /lib/arm-linux-gnueabihf/libnss_mdns4_minimal.so.2
aab25000-aab26000 r--p 00001000 b3:01 38365      /lib/arm-linux-gnueabihf/libnss_mdns4_minimal.so.2
aab26000-aab27000 rw-p 00002000 b3:01 38365      /lib/arm-linux-gnueabihf/libnss_mdns4_minimal.so.2
aab27000-aab31000 r--s 00116000 b3:01 167820     /usr/lib/jvm/java-8-oracle/jre/lib/ext/localedata.jar
aab31000-aab37000 r--s 0003f000 b3:01 167818     /usr/lib/jvm/java-8-oracle/jre/lib/ext/sunjce_provider.jar
aab37000-aab3a000 r--s 0001a000 b3:01 53215      /usr/lib/jvm/java-8-oracle/jre/lib/jce.jar
aab3a000-aab3f000 r--s 00034000 b3:01 57248      /home/debian/.m2/repository/com/google/code/gson/gson/2.8.0/gson-2.8.0.jar
aab3f000-aad00000 rw-p 00000000 00:00 0 
aad00000-aae00000 rw-p 00000000 00:00 0 
aae00000-aaf00000 rw-p 00000000 00:00 0 
aaf00000-ab000000 rw-p 00000000 00:00 0 
ab000000-ab100000 rw-p 00000000 00:00 0 
ab100000-ab200000 rw-p 00000000 00:00 0 
ab200000-ab2fe000 rw-p 00000000 00:00 0 
ab2fe000-ab300000 ---p 00000000 00:00 0 
ab300000-ab400000 rw-p 00000000 00:00 0 
ab400000-ab500000 rw-p 00000000 00:00 0 
ab500000-ab5fa000 rw-p 00000000 00:00 0 
ab5fa000-ab600000 ---p 00000000 00:00 0 
ab600000-ab602000 r--s 00009000 b3:01 167817     /usr/lib/jvm/java-8-oracle/jre/lib/ext/sunec.jar
ab602000-ab603000 r--s 00006000 b3:01 54170      /home/debian/.m2/repository/com/amazonaws/aws-iot-device-sdk-java-samples/1.0.1/aws-iot-device-sdk-java-samples-1.0.1.jar
ab603000-ab608000 r--s 0002f000 b3:01 53981      /home/debian/.m2/repository/org/eclipse/paho/org.eclipse.paho.client.mqttv3/1.1.0/org.eclipse.paho.client.mqttv3-1.1.0.jar
ab608000-ab60b000 r--s 0000a000 b3:01 54082      /home/debian/.m2/repository/com/fasterxml/jackson/core/jackson-annotations/2.7.0/jackson-annotations-2.7.0.jar
ab60b000-ab61c000 r--s 00115000 b3:01 53972      /home/debian/.m2/repository/com/fasterxml/jackson/core/jackson-databind/2.7.4/jackson-databind-2.7.4.jar
ab61c000-ab61f000 r--s 0003b000 b3:01 53971      /home/debian/.m2/repository/com/fasterxml/jackson/core/jackson-core/2.7.4/jackson-core-2.7.4.jar
ab61f000-ab621000 r--s 00011000 b3:01 53801      /home/debian/.m2/repository/com/amazonaws/aws-iot-device-sdk-java/1.0.1/aws-iot-device-sdk-java-1.0.1.jar
ab621000-ab623000 r--s 00011000 b3:01 57119      /home/debian/.m2/repository/com/miglayout/miglayout-core/5.0/miglayout-core-5.0.jar
ab623000-ab625000 r--s 00003000 b3:01 57120      /home/debian/.m2/repository/com/miglayout/miglayout-swing/5.0/miglayout-swing-5.0.jar
ab625000-ab627000 r--s 00008000 b3:01 164793     /home/debian/.m2/repository/io/silverspoon/bulldog-linux/0.2.1/bulldog-linux-0.2.1.jar
ab627000-ab629000 r--s 00005000 b3:01 56382      /home/debian/.m2/repository/org/slf4j/slf4j-api/1.7.5/slf4j-api-1.7.5.jar
ab629000-ab62c000 r--s 0000c000 b3:01 164789     /home/debian/.m2/repository/io/silverspoon/bulldog-core/0.2.1/bulldog-core-0.2.1.jar
ab62c000-ab62e000 r--s 0000a000 b3:01 158244     /home/debian/.m2/repository/io/silverspoon/bulldog-board-beagleboneblack/0.2.1/bulldog-board-beagleboneblack-0.2.1.jar
ab62e000-ab631000 ---p 00000000 00:00 0 
ab631000-ab67e000 rw-p 00000000 00:00 0 
ab67e000-ab680000 r--s 0000c000 b3:01 59330      /home/debian/.m2/repository/org/apache/commons/commons-exec/1.3/commons-exec-1.3.jar
ab680000-ab684000 r--s 00038000 b3:01 59328      /home/debian/.m2/repository/org/codehaus/plexus/plexus-utils/3.0.20/plexus-utils-3.0.20.jar
ab684000-ab686000 r--s 00002000 b3:01 55830      /home/debian/.m2/repository/org/sonatype/plexus/plexus-cipher/1.4/plexus-cipher-1.4.jar
ab686000-ab687000 r--s 00006000 b3:01 55829      /home/debian/.m2/repository/org/sonatype/plexus/plexus-sec-dispatcher/1.3/plexus-sec-dispatcher-1.3.jar
ab687000-ab689000 r--s 00002000 b3:01 55342      /home/debian/.m2/repository/org/codehaus/plexus/plexus-interactivity-api/1.0-alpha-4/plexus-interactivity-api-1.0-alpha-4.jar
ab689000-ab68b000 r--s 00009000 b3:01 59327      /home/debian/.m2/repository/commons-cli/commons-cli/1.2/commons-cli-1.2.jar
ab68b000-ab68c000 r--s 00002000 b3:01 59324      /home/debian/.m2/repository/org/apache/maven/doxia/doxia-logging-api/1.1/doxia-logging-api-1.1.jar
ab68c000-ab68e000 r--s 00002000 b3:01 59321      /home/debian/.m2/repository/org/apache/maven/doxia/doxia-sink-api/1.1/doxia-sink-api-1.1.jar
ab68e000-ab690000 r--s 00003000 b3:01 59319      /home/debian/.m2/repository/org/slf4j/jcl-over-slf4j/1.5.6/jcl-over-slf4j-1.5.6.jar
ab690000-ab692000 r--s 00004000 b3:01 59318      /home/debian/.m2/repository/org/slf4j/slf4j-api/1.5.6/slf4j-api-1.5.6.jar
ab692000-ab694000 r--s 00001000 b3:01 59316      /home/debian/.m2/repository/org/slf4j/slf4j-jdk14/1.5.6/slf4j-jdk14-1.5.6.jar
ab694000-ab69c000 r--s 00049000 b3:01 57878      /home/debian/.m2/repository/backport-util-concurrent/backport-util-concurrent/3.1/backport-util-concurrent-3.1.jar
ab69c000-ab69e000 r--s 0000b000 b3:01 57993      /home/debian/.m2/repository/org/codehaus/plexus/plexus-interpolation/1.11/plexus-interpolation-1.11.jar
ab69e000-ab6a0000 r--s 0000c000 b3:01 59297      /home/debian/.m2/repository/org/codehaus/mojo/exec-maven-plugin/1.5.0/exec-maven-plugin-1.5.0.jar
ab6a0000-ab6ae000 r-xp 00000000 b3:01 167874     /usr/lib/jvm/java-8-oracle/jre/lib/arm/libnio.so
ab6ae000-ab6b5000 ---p 0000e000 b3:01 167874     /usr/lib/jvm/java-8-oracle/jre/lib/arm/libnio.so
ab6b5000-ab6b6000 rw-p 0000d000 b3:01 167874     /usr/lib/jvm/java-8-oracle/jre/lib/arm/libnio.so
ab6b6000-ab6c9000 r-xp 00000000 b3:01 167881     /usr/lib/jvm/java-8-oracle/jre/lib/arm/libnet.so
ab6c9000-ab6d1000 ---p 00013000 b3:01 167881     /usr/lib/jvm/java-8-oracle/jre/lib/arm/libnet.so
ab6d1000-ab6d2000 rw-p 00013000 b3:01 167881     /usr/lib/jvm/java-8-oracle/jre/lib/arm/libnet.so
ab6d2000-ab700000 r--s 001d5000 b3:01 55110      /usr/share/java/wagon-http-shaded-2.x.jar
ab700000-ab800000 rw-p 00000000 00:00 0 
ab800000-ab801000 r--s 00002000 b3:01 59317      /home/debian/.m2/repository/org/apache/maven/reporting/maven-reporting-api/2.2.1/maven-reporting-api-2.2.1.jar
ab801000-ab805000 r--s 00097000 b3:01 53236      /usr/lib/jvm/java-8-oracle/jre/lib/jsse.jar
ab805000-ab807000 r--s 00005000 b3:01 55158      /usr/share/java/maven3-repository-metadata-3.0.5.jar
ab807000-ab809000 r--s 0000a000 b3:01 55154      /usr/share/java/maven3-artifact-3.0.5.jar
ab809000-ab80c000 r--s 00013000 b3:01 170143     /usr/share/maven-repo/org/sonatype/aether/aether-api/1.13.1/aether-api-1.13.1.jar
ab80c000-ab837000 r--s 001f8000 b3:01 53891      /usr/share/java/guava.jar
ab837000-ab838000 ---p 00000000 00:00 0 
ab838000-ab8b7000 rw-p 00000000 00:00 0 
ab8b7000-ab8ba000 ---p 00000000 00:00 0 
ab8ba000-ab907000 rw-p 00000000 00:00 0 
ab907000-ab90a000 ---p 00000000 00:00 0 
ab90a000-ab987000 rw-p 00000000 00:00 0 
ab987000-ab98a000 ---p 00000000 00:00 0 
ab98a000-ab9d7000 rw-p 00000000 00:00 0 
ab9d7000-abb60000 r--p 00000000 b3:01 10171      /usr/lib/locale/locale-archive
abb60000-abb63000 ---p 00000000 00:00 0 
abb63000-abbb0000 rw-p 00000000 00:00 0 
abbb0000-abbb3000 ---p 00000000 00:00 0 
abbb3000-abc00000 rw-p 00000000 00:00 0 
abc00000-abcbb000 rw-p 00000000 00:00 0 
abcbb000-abd00000 ---p 00000000 00:00 0 
abd00000-abd02000 r--s 00000000 b3:01 53424      /usr/share/java/plexus-component-annotations-1.5-1.5.5.jar
abd02000-abd03000 r--s 00006000 b3:01 54238      /usr/share/java/plexus-sec-dispatcher.jar
abd03000-abd05000 r--s 00007000 b3:01 53856      /usr/share/java/commons-cli-1.2.jar
abd05000-abd07000 r--s 0000a000 b3:01 55117      /usr/share/java/wagon-provider-api-2.x.jar
abd07000-abd0b000 r--s 0001c000 b3:01 170120     /usr/share/maven-repo/org/sonatype/aether/aether-util/1.13.1/aether-util-1.13.1.jar
abd0b000-abd0d000 r--s 00008000 b3:01 55155      /usr/share/java/maven3-embedder-3.0.5.jar
abd0d000-abd0e000 ---p 00000000 00:00 0 
abd0e000-abddc000 rw-p 00000000 00:00 0 
abddc000-abfb4000 r--s 03d2a000 b3:01 53233      /usr/lib/jvm/java-8-oracle/jre/lib/rt.jar
abfb4000-ac3fa000 rw-p 00000000 00:00 0 
ac3fa000-ac400000 ---p 00000000 00:00 0 
ac400000-aca20000 rw-p 00000000 00:00 0 
aca20000-aed40000 ---p 00000000 00:00 0 
aed40000-af955000 rw-p 00000000 00:00 0 
af955000-b4000000 ---p 00000000 00:00 0 
b4000000-b4007000 r--s 00040000 b3:01 53862      /usr/share/java/sisu-inject-bean.jar
b4007000-b4009000 r--s 00009000 b3:01 55149      /usr/share/java/maven3-plugin-api-3.0.5.jar
b4009000-b400f000 r--s 0002c000 b3:01 53814      /usr/share/java/sisu-inject-plexus.jar
b400f000-b401c000 r--s 0008f000 b3:01 53741      /usr/share/java/sisu-guice.jar
b401c000-b401e000 r--s 00006000 b3:01 170114     /usr/share/maven-repo/org/sonatype/aether/aether-connector-wagon/1.13.1/aether-connector-wagon-1.13.1.jar
b401e000-b4020000 r--s 0000e000 b3:01 53996      /usr/share/java/plexus-interpolation.jar
b4020000-b4024000 r--s 00037000 b3:01 53077      /usr/share/java/plexus-utils2-3.0.15.jar
b4024000-b4030000 r--s 0007c000 b3:01 55153      /usr/share/java/maven3-core-3.0.5.jar
b4030000-b4032000 r--s 0000b000 b3:01 55157      /usr/share/java/maven3-aether-provider-3.0.5.jar
b4032000-b4036000 r--s 00020000 b3:01 55151      /usr/share/java/maven3-model-builder-3.0.5.jar
b4036000-b4098000 rw-p 00000000 00:00 0 
b4098000-b40bb000 ---p 00000000 00:00 0 
b40bb000-b40bf000 rw-p 00000000 00:00 0 
b40bf000-b40cf000 ---p 00000000 00:00 0 
b40cf000-b40d6000 rw-p 00000000 00:00 0 
b40d6000-b40f9000 ---p 00000000 00:00 0 
b40f9000-b4105000 rw-p 00000000 00:00 0 
b4105000-b417a000 ---p 00000000 00:00 0 
b417a000-b440a000 rwxp 00000000 00:00 0 
b440a000-b617a000 ---p 00000000 00:00 0 
b617a000-b6191000 r-xp 00000000 b3:01 167850     /usr/lib/jvm/java-8-oracle/jre/lib/arm/libzip.so
b6191000-b6198000 ---p 00017000 b3:01 167850     /usr/lib/jvm/java-8-oracle/jre/lib/arm/libzip.so
b6198000-b6199000 rw-p 00016000 b3:01 167850     /usr/lib/jvm/java-8-oracle/jre/lib/arm/libzip.so
b6199000-b61a1000 r-xp 00000000 b3:01 49333      /lib/arm-linux-gnueabihf/libnss_files-2.19.so
b61a1000-b61b0000 ---p 00008000 b3:01 49333      /lib/arm-linux-gnueabihf/libnss_files-2.19.so
b61b0000-b61b1000 r--p 00007000 b3:01 49333      /lib/arm-linux-gnueabihf/libnss_files-2.19.so
b61b1000-b61b2000 rw-p 00008000 b3:01 49333      /lib/arm-linux-gnueabihf/libnss_files-2.19.so
b61b2000-b61b9000 r-xp 00000000 b3:01 49335      /lib/arm-linux-gnueabihf/libnss_nis-2.19.so
b61b9000-b61c8000 ---p 00007000 b3:01 49335      /lib/arm-linux-gnueabihf/libnss_nis-2.19.so
b61c8000-b61c9000 r--p 00006000 b3:01 49335      /lib/arm-linux-gnueabihf/libnss_nis-2.19.so
b61c9000-b61ca000 rw-p 00007000 b3:01 49335      /lib/arm-linux-gnueabihf/libnss_nis-2.19.so
b61ca000-b61d7000 r-xp 00000000 b3:01 49330      /lib/arm-linux-gnueabihf/libnsl-2.19.so
b61d7000-b61e6000 ---p 0000d000 b3:01 49330      /lib/arm-linux-gnueabihf/libnsl-2.19.so
b61e6000-b61e7000 r--p 0000c000 b3:01 49330      /lib/arm-linux-gnueabihf/libnsl-2.19.so
b61e7000-b61e8000 rw-p 0000d000 b3:01 49330      /lib/arm-linux-gnueabihf/libnsl-2.19.so
b61e8000-b61ea000 rw-p 00000000 00:00 0 
b61ea000-b61ef000 r-xp 00000000 b3:01 49331      /lib/arm-linux-gnueabihf/libnss_compat-2.19.so
b61ef000-b61fe000 ---p 00005000 b3:01 49331      /lib/arm-linux-gnueabihf/libnss_compat-2.19.so
b61fe000-b61ff000 r--p 00004000 b3:01 49331      /lib/arm-linux-gnueabihf/libnss_compat-2.19.so
b61ff000-b6200000 rw-p 00005000 b3:01 49331      /lib/arm-linux-gnueabihf/libnss_compat-2.19.so
b6200000-b62fb000 rw-p 00000000 00:00 0 
b62fb000-b6300000 ---p 00000000 00:00 0 
b6300000-b6301000 r--s 00003000 b3:01 170096     /usr/share/maven-repo/org/sonatype/aether/aether-spi/1.13.1/aether-spi-1.13.1.jar
b6301000-b6302000 r--s 00001000 b3:01 55108      /usr/share/java/wagon-file-2.x.jar
b6302000-b6309000 r--s 0003b000 b3:01 53944      /usr/share/java/commons-codec-1.9.jar
b6309000-b630e000 r--s 00044000 b3:01 54245      /usr/share/java/commons-httpclient-3.1.jar
b630e000-b6310000 r--s 00009000 b3:01 55156      /usr/share/java/maven3-settings-3.0.5.jar
b6310000-b6333000 r-xp 00000000 b3:01 167876     /usr/lib/jvm/java-8-oracle/jre/lib/arm/libjava.so
b6333000-b633b000 ---p 00023000 b3:01 167876     /usr/lib/jvm/java-8-oracle/jre/lib/arm/libjava.so
b633b000-b633c000 rw-p 00023000 b3:01 167876     /usr/lib/jvm/java-8-oracle/jre/lib/arm/libjava.so
b633c000-b6345000 r-xp 00000000 b3:01 167852     /usr/lib/jvm/java-8-oracle/jre/lib/arm/libverify.so
b6345000-b634d000 ---p 00009000 b3:01 167852     /usr/lib/jvm/java-8-oracle/jre/lib/arm/libverify.so
b634d000-b634e000 rw-p 00009000 b3:01 167852     /usr/lib/jvm/java-8-oracle/jre/lib/arm/libverify.so
b634e000-b6353000 r-xp 00000000 b3:01 49339      /lib/arm-linux-gnueabihf/librt-2.19.so
b6353000-b6362000 ---p 00005000 b3:01 49339      /lib/arm-linux-gnueabihf/librt-2.19.so
b6362000-b6363000 r--p 00004000 b3:01 49339      /lib/arm-linux-gnueabihf/librt-2.19.so
b6363000-b6364000 rw-p 00005000 b3:01 49339      /lib/arm-linux-gnueabihf/librt-2.19.so
b6364000-b6367000 ---p 00000000 00:00 0 
b6367000-b63b4000 rw-p 00000000 00:00 0 
b63b4000-b6417000 r-xp 00000000 b3:01 49328      /lib/arm-linux-gnueabihf/libm-2.19.so
b6417000-b6426000 ---p 00063000 b3:01 49328      /lib/arm-linux-gnueabihf/libm-2.19.so
b6426000-b6427000 r--p 00062000 b3:01 49328      /lib/arm-linux-gnueabihf/libm-2.19.so
b6427000-b6428000 rw-p 00063000 b3:01 49328      /lib/arm-linux-gnueabihf/libm-2.19.so
b6428000-b69b1000 r-xp 00000000 b3:01 167867     /usr/lib/jvm/java-8-oracle/jre/lib/arm/client/libjvm.so
b69b1000-b69b8000 ---p 00589000 b3:01 167867     /usr/lib/jvm/java-8-oracle/jre/lib/arm/client/libjvm.so
b69b8000-b69e4000 rw-p 00588000 b3:01 167867     /usr/lib/jvm/java-8-oracle/jre/lib/arm/client/libjvm.so
b69e4000-b6e0b000 rw-p 00000000 00:00 0 
b6e0b000-b6e24000 r-xp 00000000 b3:01 38344      /lib/arm-linux-gnueabihf/libgcc_s.so.1
b6e24000-b6e33000 ---p 00019000 b3:01 38344      /lib/arm-linux-gnueabihf/libgcc_s.so.1
b6e33000-b6e34000 rw-p 00018000 b3:01 38344      /lib/arm-linux-gnueabihf/libgcc_s.so.1
b6e34000-b6f0f000 r-xp 00000000 b3:01 49324      /lib/arm-linux-gnueabihf/libc-2.19.so
b6f0f000-b6f1e000 ---p 000db000 b3:01 49324      /lib/arm-linux-gnueabihf/libc-2.19.so
b6f1e000-b6f20000 r--p 000da000 b3:01 49324      /lib/arm-linux-gnueabihf/libc-2.19.so
b6f20000-b6f21000 rw-p 000dc000 b3:01 49324      /lib/arm-linux-gnueabihf/libc-2.19.so
b6f21000-b6f24000 rw-p 00000000 00:00 0 
b6f24000-b6f26000 r-xp 00000000 b3:01 49327      /lib/arm-linux-gnueabihf/libdl-2.19.so
b6f26000-b6f35000 ---p 00002000 b3:01 49327      /lib/arm-linux-gnueabihf/libdl-2.19.so
b6f35000-b6f36000 r--p 00001000 b3:01 49327      /lib/arm-linux-gnueabihf/libdl-2.19.so
b6f36000-b6f37000 rw-p 00002000 b3:01 49327      /lib/arm-linux-gnueabihf/libdl-2.19.so
b6f37000-b6f4b000 r-xp 00000000 b3:01 53279      /usr/lib/jvm/java-8-oracle/lib/arm/jli/libjli.so
b6f4b000-b6f53000 ---p 00014000 b3:01 53279      /usr/lib/jvm/java-8-oracle/lib/arm/jli/libjli.so
b6f53000-b6f54000 rw-p 00014000 b3:01 53279      /usr/lib/jvm/java-8-oracle/lib/arm/jli/libjli.so
b6f54000-b6f64000 r-xp 00000000 b3:01 49320      /lib/arm-linux-gnueabihf/libpthread-2.19.so
b6f64000-b6f73000 ---p 00010000 b3:01 49320      /lib/arm-linux-gnueabihf/libpthread-2.19.so
b6f73000-b6f74000 r--p 0000f000 b3:01 49320      /lib/arm-linux-gnueabihf/libpthread-2.19.so
b6f74000-b6f75000 rw-p 00010000 b3:01 49320      /lib/arm-linux-gnueabihf/libpthread-2.19.so
b6f75000-b6f77000 rw-p 00000000 00:00 0 
b6f77000-b6f78000 r--s 0000d000 b3:01 53583      /usr/share/java/commons-logging-1.2.jar
b6f78000-b6f7a000 r--s 00025000 b3:01 55159      /usr/share/java/maven3-model-3.0.5.jar
b6f7a000-b6f7c000 r--s 00007000 b3:01 55152      /usr/share/java/maven3-settings-builder-3.0.5.jar
b6f7c000-b6f82000 r--s 0003e000 b3:01 55150      /usr/share/java/maven3-compat-3.0.5.jar
b6f82000-b6f84000 r--s 00002000 b3:01 54225      /usr/share/java/plexus-cipher.jar
b6f84000-b6f87000 r--s 0001d000 b3:01 170127     /usr/share/maven-repo/org/sonatype/aether/aether-impl/1.13.1/aether-impl-1.13.1.jar
b6f87000-b6f9e000 r-xp 00000000 b3:01 49321      /lib/arm-linux-gnueabihf/ld-2.19.so
b6f9e000-b6fa0000 r--s 0000a000 b3:01 53808      /usr/share/java/plexus-classworlds2-2.5.2.jar
b6fa0000-b6fa8000 rw-s 00000000 b3:01 57163      /tmp/hsperfdata_debian/2979
b6fa8000-b6fa9000 r--p 00000000 00:00 0 
b6fa9000-b6fae000 rw-p 00000000 00:00 0 
b6fae000-b6faf000 r--p 00017000 b3:01 49321      /lib/arm-linux-gnueabihf/ld-2.19.so
b6faf000-b6fb0000 rw-p 00018000 b3:01 49321      /lib/arm-linux-gnueabihf/ld-2.19.so
be967000-be988000 rw-p 00000000 00:00 0          [stack]
bec25000-bec26000 r-xp 00000000 00:00 0          [sigpage]
bec26000-bec27000 r--p 00000000 00:00 0          [vvar]
bec27000-bec28000 r-xp 00000000 00:00 0          [vdso]
ffff0000-ffff1000 r-xp 00000000 00:00 0          [vectors]

VM Arguments:
jvm_args: -Dclassworlds.conf=/usr/share/maven/bin/m2.conf -Dmaven.home=/usr/share/maven 
java_command: org.codehaus.plexus.classworlds.launcher.Launcher exec:java -D exec.mainClass=edu.slu.iot.realdaq.PublishSample
java_class_path (initial): /usr/share/maven/boot/plexus-classworlds-2.x.jar
Launcher Type: SUN_STANDARD

Environment Variables:
JAVA_HOME=/usr/lib/jvm/java-8-oracle
PATH=/home/debian/bin:/usr/local/sbin:/usr/local/bin:/usr/sbin:/usr/bin:/sbin:/bin:/usr/local/games:/usr/games:/usr/lib/jvm/java-8-oracle/bin:/usr/lib/jvm/java-8-oracle/db/bin:/usr/lib/jvm/java-8-oracle/jre/bin
SHELL=/bin/bash

Signal Handlers:
SIGSEGV: [libjvm.so+0x50b624], sa_mask[0]=11111111011111111101111111111110, sa_flags=SA_RESTART|SA_SIGINFO
SIGBUS: [libjvm.so+0x50b624], sa_mask[0]=11111111011111111101111111111110, sa_flags=SA_RESTART|SA_SIGINFO
SIGFPE: [libjvm.so+0x4018d4], sa_mask[0]=11111111011111111101111111111110, sa_flags=SA_RESTART|SA_SIGINFO
SIGPIPE: [libjvm.so+0x4018d4], sa_mask[0]=11111111011111111101111111111110, sa_flags=SA_RESTART|SA_SIGINFO
SIGXFSZ: [libjvm.so+0x4018d4], sa_mask[0]=11111111011111111101111111111110, sa_flags=SA_RESTART|SA_SIGINFO
SIGILL: [libjvm.so+0x4018d4], sa_mask[0]=11111111011111111101111111111110, sa_flags=SA_RESTART|SA_SIGINFO
SIGUSR1: SIG_DFL, sa_mask[0]=00000000000000000000000000000000, sa_flags=none
SIGUSR2: [libjvm.so+0x401a38], sa_mask[0]=00000000000000000000000000000000, sa_flags=SA_RESTART|SA_SIGINFO
SIGHUP: [libjvm.so+0x401e6c], sa_mask[0]=11111111011111111101111111111110, sa_flags=SA_RESTART|SA_SIGINFO
SIGINT: [libjvm.so+0x401e6c], sa_mask[0]=11111111011111111101111111111110, sa_flags=SA_RESTART|SA_SIGINFO
SIGTERM: [libjvm.so+0x401e6c], sa_mask[0]=11111111011111111101111111111110, sa_flags=SA_RESTART|SA_SIGINFO
SIGQUIT: [libjvm.so+0x401e6c], sa_mask[0]=11111111011111111101111111111110, sa_flags=SA_RESTART|SA_SIGINFO


---------------  S Y S T E M  ---------------

OS:PRETTY_NAME="Debian GNU/Linux 8 (jessie)"
NAME="Debian GNU/Linux"
VERSION_ID="8"
VERSION="8 (jessie)"
ID=debian
HOME_URL="http://www.debian.org/"
SUPPORT_URL="http://www.debian.org/support"
BUG_REPORT_URL="https://bugs.debian.org/"

uname:Linux 4.4.36-ti-r72 #1 SMP Wed Dec 7 22:29:53 UTC 2016 armv7l
libc:glibc 2.19 NPTL 2.19 
rlimit: STACK 8192k, CORE 0k, NPROC 3474, NOFILE 65536, AS infinity
load average:0.81 0.65 0.37

/proc/meminfo:
MemTotal:         499744 kB
MemFree:          227144 kB
MemAvailable:     370860 kB
Buffers:           25680 kB
Cached:           125684 kB
SwapCached:            0 kB
Active:           185028 kB
Inactive:          54548 kB
Active(anon):      88448 kB
Inactive(anon):    10432 kB
Active(file):      96580 kB
Inactive(file):    44116 kB
Unevictable:           0 kB
Mlocked:               0 kB
HighTotal:             0 kB
HighFree:              0 kB
LowTotal:         499744 kB
LowFree:          227144 kB
SwapTotal:             0 kB
SwapFree:              0 kB
Dirty:               124 kB
Writeback:             0 kB
AnonPages:         88280 kB
Mapped:            37048 kB
Shmem:             10600 kB
Slab:              22208 kB
SReclaimable:      13772 kB
SUnreclaim:         8436 kB
KernelStack:        1360 kB
PageTables:         1380 kB
NFS_Unstable:          0 kB
Bounce:                0 kB
WritebackTmp:          0 kB
CommitLimit:      249872 kB
Committed_AS:     712944 kB
VmallocTotal:     507904 kB
VmallocUsed:           0 kB
VmallocChunk:          0 kB
CmaTotal:          49152 kB
CmaFree:           45428 kB


CPU:total 1 (ARMv7), vfp

/proc/cpuinfo:
processor	: 0
model name	: ARMv7 Processor rev 2 (v7l)
BogoMIPS	: 995.32
Features	: half thumb fastmult vfp edsp thumbee neon vfpv3 tls vfpd32 
CPU implementer	: 0x41
CPU architecture: 7
CPU variant	: 0x3
CPU part	: 0xc08
CPU revision	: 2

Hardware	: Generic AM33XX (Flattened Device Tree)
Revision	: 0000
Serial		: 0000000000000000


Memory: 4k page, physical 499744k(227144k free), swap 0k(0k free)

vm_info: Java HotSpot(TM) Client VM (25.111-b14) for linux-arm-vfp-hflt JRE (1.8.0_111-b14), built on Sep 22 2016 17:01:54 by "java_re" with gcc 4.7.2 20120910 (prerelease)

time: Tue Mar 21 21:18:55 2017
elapsed time: 32 seconds (0d 0h 0m 32s)

